Running: /usr/local/cadence-2024/PEGASUS231/tools.lnx86/Pegasus/bin/64bit/pegasusvirt \
  -isPegasus \
  -mode lvs \
  -global_log_file /top/students/UNGRAD/ECE/scrowl/home/ECE571/TSMC_Cadence/ECE571_10_OR3/OR3_3x/lvs/pegasusuilvs.log \
  -control /top/students/UNGRAD/ECE/scrowl/home/ECE571/TSMC_Cadence/ECE571_10_OR3/OR3_3x/lvs/pegasuslvsctl \
  -df2_version IC23.1.0 \
  -run_dir /top/students/UNGRAD/ECE/scrowl/home/ECE571/TSMC_Cadence/ECE571_10_OR3/OR3_3x/lvs \
  -no_rules_check \
  -schLibName ECE571_10_OR3 \
  -schCellName OR3_3x \
  -schViewName schematic \
  -simViewList auCdl\ schematic \
  -simStopList auCdl \
  -displayPinInfo \
  -source_cdl /top/students/UNGRAD/ECE/scrowl/home/ECE571/TSMC_Cadence/ECE571_10_OR3/OR3_3x/lvs/OR3_3x.cdl \
  -spice /top/students/UNGRAD/ECE/scrowl/home/ECE571/TSMC_Cadence/ECE571_10_OR3/OR3_3x/lvs/OR3_3x.spi \
  -layLibName ECE571_10_OR3 \
  -layCellName OR3_3x \
  -layViewName layout \
  -igds /top/students/UNGRAD/ECE/scrowl/home/ECE571/TSMC_Cadence/ECE571_10_OR3/OR3_3x/lvs/OR3_3x.gds.gz \
  -layScale 0.001 \
  -layTechLib ECE571_10_OR3 \
  -convertPin geometry \
  -replaceBusBitChar nil \
  -noConvertHalfWidthPath nil \
  -layHierDepth 32 \
  -layMaxVertices 2048 \
  -enableColoring no \
  -rulesFile /top/students/UNGRAD/ECE/scrowl/home/ECE571/TSMC_Cadence/tsmc18rf_lvs.rul \
  -log_dir LOGS



Virtuoso Framework License (111) was checked out successfully. Total checkout time was 0.03s.
*WARNING* LIB ECE571_10_OR3 from File /top/students/UNGRAD/ECE/scrowl/home/ECE571/TSMC_Cadence/cds.lib Line 14 redefines
LIB ECE571_10_OR3 from the same file (defined earlier.)
*WARNING* LIB ECE571_11_OR3 from File /top/students/UNGRAD/ECE/scrowl/home/ECE571/TSMC_Cadence/cds.lib Line 15 redefines
LIB ECE571_11_OR3 from the same file (defined earlier.)
********************************************************************************
Product   : Virtuoso(R) XStream Out
Program   : @(#)$CDS: strmout version IC23.1-64b 02/20/2024 22:50 (cpgbld15) $
          : sub-version  IC23.1-64b.ISR5.29 
Started at: 10-Apr-2026  15:15:44
User Name : scrowl
Host Name : linuxa1.engr.colostate.edu
Directory : /top/students/UNGRAD/ECE/scrowl/home/ECE571/TSMC_Cadence
CADENCE Design Systems, Inc.
********************************************************************************
Info: Cellview Rev Num:99,  Tech Rev Num:59

WARNING (XSTRM-20): Output Stream file '/top/students/UNGRAD/ECE/scrowl/home/ECE571/TSMC_Cadence/ECE571_10_OR3/OR3_3x/lvs/OR3_3x.gds.gz' already exists. It will be overwritten.
*WARNING* The directory: '/top/students/UNGRAD/ECE/scrowl/home/ECE571/TSMC_Cadence/$ASSURAHOME/tools.lnx86/assura/etc/avtech/avTech' does not exist
	but was defined in libFile '/top/students/UNGRAD/ECE/scrowl/home/ECE571/TSMC_Cadence/cds.lib' for Lib 'avTech'.
INFO (XSTRM-288): Performing automatic layer mapping because either the layer mapping information is not provided or the XST_AUTO_LM  value is used with the '-layerMap' option. Additionally, the  'xStrmOut_layerMap.txt' file has been generated and the mapping information has been added to it.
INFO (XSTRM-427): Based on current hardware configuration, running XStream Out translation in multi-threaded mode with 4 threads.
INFO (XSTRM-280): The output file will be a compressed file because the file name has extension .gz
INFO (XSTRM-162): You have not used the '-viaMap' option. If the OpenAccess design has native oaVia instances, use the '-viaMap' option for preserving oaVia instances in a XStream Out - XStream In round trip. Using the '-viaMap' option improves performance and VM usage of applications using the Streamed-In design.

Summary of Options :
library                                 ECE571_10_OR3
strmFile                                /top/students/UNGRAD/ECE/scrowl/home/ECE571/TSMC_Cadence/ECE571_10_OR3/OR3_3x/lvs/OR3_3x.gds.gz
topCell                                 OR3_3x
view                                    layout
runDir                                  /top/students/UNGRAD/ECE/scrowl/home/ECE571/TSMC_Cadence/ECE571_10_OR3/OR3_3x/lvs
logFile                                 /top/students/UNGRAD/ECE/scrowl/home/ECE571/TSMC_Cadence/ECE571_10_OR3/OR3_3x/lvs/PIPO1.LOG
techLib                                 ECE571_10_OR3
hierDepth                               32
maxVertices                             2048
userSkillFile                           /top/students/UNGRAD/ECE/scrowl/home/ECE571/TSMC_Cadence/ECE571_10_OR3/OR3_3x/lvs/strmout.il
labelDepth                              32
case                                    Preserve
convertDot                              node

INFO (XSTRM-180): You have not used the '-objectMap' option. The design has instance(s) of at least one of following OpenAccess objects: oaBlockage, oaBoundary, oaRow, and oaMarker. Any information about these objects will not be translated into the generated stream file. Use the '-objectMap' option to translate/preserve these objects using XStream.
INFO (XSTRM-223): 1. Translating cellview ECE571_10_OR3/OR3_3x/layout as STRUCTURE OR3_3x.

Summary of Objects Translated:
	Scalar Instances:                       0
	Array Instances:                        0
	Polygons:                               0
	Paths:                                  0
	Rectangles:                             454
	Lines:                                  0
	Arcs:                                   0
	Donuts:                                 0
	Dots:                                   0
	Ellipses:                               0
	Boundaries:                             0
	Area Blockages:                         0
	Layer Blockages:                        0
	Area Halos:                             0
	Markers:                                0
	Rows:                                   0
	Stitch:                                 0
	Standard Vias                           0
	Custom Vias:                            0
	CdsGen Vias:                            0
	Pathsegs:                               0
	Text:                                   6
	TextDisplay:                            0
	Cells:                                  1

Elapsed Time: 0.3s   User Time: 0.1s   CPU Time: 0.0s   Peak VM: 31656KB
INFO (XSTRM-234): Translation completed. '0' error(s) and '1' warning(s) found.

Creation of CDL for ECE571_10_OR3/OR3_3x/schematic is started
 si -batch /top/students/UNGRAD/ECE/scrowl/home/ECE571/TSMC_Cadence/ECE571_10_OR3/OR3_3x/lvs/ >/top/students/UNGRAD/ECE/scrowl/home/ECE571/TSMC_Cadence/ECE571_10_OR3/OR3_3x/lvs/SI.OUT 2>/top/students/UNGRAD/ECE/scrowl/home/ECE571/TSMC_Cadence/ECE571_10_OR3/OR3_3x/lvs/SI.LOG 
Virtuoso Framework License (111) was checked out successfully. Total checkout time was 0.03s.

Running simulation in directory: "/top/students/UNGRAD/ECE/scrowl/home/ECE571/TSMC_Cadence/ECE571_10_OR3/OR3_3x/lvs/".

*WARNING* LIB ECE571_10_OR3 from File /top/students/UNGRAD/ECE/scrowl/home/ECE571/TSMC_Cadence/cds.lib Line 14 redefines
LIB ECE571_10_OR3 from the same file (defined earlier.)
*WARNING* LIB ECE571_11_OR3 from File /top/students/UNGRAD/ECE/scrowl/home/ECE571/TSMC_Cadence/cds.lib Line 15 redefines
LIB ECE571_11_OR3 from the same file (defined earlier.)
*WARNING* The directory: '/top/students/UNGRAD/ECE/scrowl/home/ECE571/TSMC_Cadence/$ASSURAHOME/tools.lnx86/assura/etc/avtech/avTech' does not exist
	but was defined in libFile '/top/students/UNGRAD/ECE/scrowl/home/ECE571/TSMC_Cadence/cds.lib' for Lib 'avTech'.
*WARNING* LIB ECE571_10_OR3 from File /top/students/UNGRAD/ECE/scrowl/home/ECE571/TSMC_Cadence/cds.lib Line 14 redefines
LIB ECE571_10_OR3 from the same file (defined earlier.)
*WARNING* LIB ECE571_11_OR3 from File /top/students/UNGRAD/ECE/scrowl/home/ECE571/TSMC_Cadence/cds.lib Line 15 redefines
LIB ECE571_11_OR3 from the same file (defined earlier.)
*WARNING* The directory: '/top/students/UNGRAD/ECE/scrowl/home/ECE571/TSMC_Cadence/$ASSURAHOME/tools.lnx86/assura/etc/avtech/avTech' does not exist
	but was defined in libFile '/top/students/UNGRAD/ECE/scrowl/home/ECE571/TSMC_Cadence/cds.lib' for Lib 'avTech'.
Loading hnlInit.cxt 
Running Artist Hierarchical Netlisting ...
Initializing diodesd.cbe from libInit.il for library tsmc18rf...
Initializing rfnmos3v.cbe from libInit.il for library tsmc18rf...
Initializing mimcap_m6.cbe from libInit.il for library tsmc18rf...
Initializing rmt_m4.cbe from libInit.il for library tsmc18rf...
Initializing mos_var33.cbe from libInit.il for library tsmc18rf...
Initializing mos_var_b.cbe from libInit.il for library tsmc18rf...
Initializing pmos2v_mis.cbe from libInit.il for library tsmc18rf...
Initializing rplplus.cbe from libInit.il for library tsmc18rf...
Initializing ind_sym_m6.cbe from libInit.il for library tsmc18rf...
Initializing rm2.cbe from libInit.il for library tsmc18rf...
Initializing rnlplus.cbe from libInit.il for library tsmc18rf...
Initializing nmos3v.cbe from libInit.il for library tsmc18rf...
Initializing rnhpoly_dis.cbe from libInit.il for library tsmc18rf...
Initializing rfpmos2v_mis.cbe from libInit.il for library tsmc18rf...
Initializing mos_var_b3.cbe from libInit.il for library tsmc18rf...
Initializing rplpoly.cbe from libInit.il for library tsmc18rf...
Initializing vpnp3.cbe from libInit.il for library tsmc18rf...
Initializing rmt_m5.cbe from libInit.il for library tsmc18rf...
Initializing nmos3vdnw.cbe from libInit.il for library tsmc18rf...
Initializing pwcon.cbe from libInit.il for library tsmc18rf...
Initializing psubcon.cbe from libInit.il for library tsmc18rf...
Initializing rnwod.cbe from libInit.il for library tsmc18rf...
Initializing npn.cbe from libInit.il for library tsmc18rf...
Initializing pmos3v.cbe from libInit.il for library tsmc18rf...
Initializing vpnp.cbe from libInit.il for library tsmc18rf...
Initializing rmt_m6.cbe from libInit.il for library tsmc18rf...
Initializing diode.cbe from libInit.il for library tsmc18rf...
Initializing jvar.cbe from libInit.il for library tsmc18rf...
Initializing rpplus.cbe from libInit.il for library tsmc18rf...
Initializing dnwcon.cbe from libInit.il for library tsmc18rf...
Initializing nmos2v.cbe from libInit.il for library tsmc18rf...
Initializing rplpoly_dis.cbe from libInit.il for library tsmc18rf...
Initializing rfpmos2v.cbe from libInit.il for library tsmc18rf...
Initializing nmosmvt3v.cbe from libInit.il for library tsmc18rf...
Initializing nmosnvt2v.cbe from libInit.il for library tsmc18rf...
Initializing rm1.cbe from libInit.il for library tsmc18rf...
Initializing nmos3v_mis.cbe from libInit.il for library tsmc18rf...
Initializing rfpmos3v_mis.cbe from libInit.il for library tsmc18rf...
Initializing rm3.cbe from libInit.il for library tsmc18rf...
Initializing dio_dnwpsub.cbe from libInit.il for library tsmc18rf...
Initializing nmosmvt2v.cbe from libInit.il for library tsmc18rf...
Initializing pmosmvt2v.cbe from libInit.il for library tsmc18rf...
Initializing rnlpoly.cbe from libInit.il for library tsmc18rf...
Initializing nwcon.cbe from libInit.il for library tsmc18rf...
Initializing mos.cbe from libInit.il for library tsmc18rf...
Initializing mimcap_rf_m6.cbe from libInit.il for library tsmc18rf...
Initializing rfpmos3v_nw_mis.cbe from libInit.il for library tsmc18rf...
Initializing rm5.cbe from libInit.il for library tsmc18rf...
Initializing rphpoly.cbe from libInit.il for library tsmc18rf...
Initializing cap.cbe from libInit.il for library tsmc18rf...
Initializing dio_pwdnw.cbe from libInit.il for library tsmc18rf...
Initializing pmos3v_mis.cbe from libInit.il for library tsmc18rf...
Initializing rphpoly_dis.cbe from libInit.il for library tsmc18rf...
Initializing rnplus.cbe from libInit.il for library tsmc18rf...
Initializing rphpoly_rf.cbe from libInit.il for library tsmc18rf...
Initializing rfnmos2v_mis.cbe from libInit.il for library tsmc18rf...
Initializing rnlpoly_dis.cbe from libInit.il for library tsmc18rf...
Initializing rfnmos2v.cbe from libInit.il for library tsmc18rf...
Initializing rnhpoly.cbe from libInit.il for library tsmc18rf...
Initializing pmos2v.cbe from libInit.il for library tsmc18rf...
Initializing rplpoly_rf.cbe from libInit.il for library tsmc18rf...
Initializing nmos2v_mis.cbe from libInit.il for library tsmc18rf...
Initializing rfpmos3v.cbe from libInit.il for library tsmc18rf...
Initializing resnwod.cbe from libInit.il for library tsmc18rf...
Initializing rnwell.cbe from libInit.il for library tsmc18rf...
Initializing rphripoly_dis.cbe from libInit.il for library tsmc18rf...
Initializing nmos2vdnw.cbe from libInit.il for library tsmc18rf...
Initializing nmosnvt3v.cbe from libInit.il for library tsmc18rf...
Initializing cap_mos.cbe from libInit.il for library tsmc18rf...
Initializing mos_var.cbe from libInit.il for library tsmc18rf...
Initializing rfnmos3v_mis.cbe from libInit.il for library tsmc18rf...
Initializing rfpmos2v_nw_mis.cbe from libInit.il for library tsmc18rf...
Initializing ind_sym_ct_m6.cbe from libInit.il for library tsmc18rf...
Initializing rphripoly_rf.cbe from libInit.il for library tsmc18rf...
Initializing rfpmos2v_nw.cbe from libInit.il for library tsmc18rf...
Initializing rm4.cbe from libInit.il for library tsmc18rf...
Initializing ind_std_m6.cbe from libInit.il for library tsmc18rf...
Initializing rphripoly.cbe from libInit.il for library tsmc18rf...
Initializing res.cbe from libInit.il for library tsmc18rf...
Initializing rfpmos3v_nw.cbe from libInit.il for library tsmc18rf...
Initializing metRes.cbe from libInit.il for library tsmc18rf...
Initializing utility.ile from libInit.il for library tsmc18rf...
Initializing metRes.ile from libInit.il for library tsmc18rf...
Initializing resnwod.ile from libInit.il for library tsmc18rf...
Initializing tsAbutFunction.ile from libInit.il for library tsmc18rf...
Initializing tsmc18rf_PDK_V13ctoV13d_migration.ile from libInit.il for library tsmc18rf...
Initializing tsmcChangeLPP.ile from libInit.il for library tsmc18rf...
Initializing tsmcGetParam.ile from libInit.il for library tsmc18rf...
Initializing addWire_018rf.ile from libInit.il for library tsmc18rf...
Initializing tsmc18rf_PDK_V12btoV13d.ile from libInit.il for library tsmc18rf...
function tsmc_moveChild redefined
function tsmc_moveInstance redefined
Initializing Ind_Util_018rf.ile from libInit.il for library tsmc18rf...
Initializing tsmcNetlist.ile from libInit.il for library tsmc18rf...
Initializing tsmcUtilities2.ile from libInit.il for library tsmc18rf...
Initializing ipTag.ile from libInit.il for library tsmc18rf...
Initializing cap_mos.ile from libInit.il for library tsmc18rf...
Initializing tsmcUtilities.ile from libInit.il for library tsmc18rf...
Initializing tsmcCIW.ile from libInit.il for library tsmc18rf...
Initializing tsmcMigration.ile from libInit.il for library tsmc18rf...
Initializing tsmc18rf_updateCDFs.ile from libInit.il for library tsmc18rf...
Initializing mos.ile from libInit.il for library tsmc18rf...
Initializing tsmcPulldown.ile from libInit.il for library tsmc18rf...
Initializing changeName_N90.ile from libInit.il for library tsmc18rf...
Initializing tsmcPdkParamTable.ile from libInit.il for library tsmc18rf...
INFO (TECH-150003): The technology database "tsmc18rf" has been automatically
updated from revision 226610(DM 4) to revision 227612(DM 4) in virtual memory.
End netlisting Apr 10 15:15:45 2026

Running simin

Running runSim()...


Running runsim with simulator: "auCdl"
Begin simulation:    Apr 10 15:15:45 2026

auCdl netlisting completed
End simulation:      Apr 10 15:15:45 2026
INFO (AUCDL-21): (Analog) CDL netlisting completed successfully.

Pegasus 23.14-s006 W6eUyhvWDSmkstMrnkYP8g 2026-04-10 15:15:49 526018 linuxa1.engr.colostate.edu
Copyright 2024 Cadence Design Systems, Inc.
All rights reserved worldwide.

INFO:    Command Line Options: -lvs -top_cell OR3_3x -log_dir LOGS -source_top_cell OR3_3x -spice /top/students/UNGRAD/ECE/scrowl/home/ECE571/TSMC_Cadence/ECE571_10_OR3/OR3_3x/lvs/OR3_3x.spi -control /top/students/UNGRAD/ECE/scrowl/home/ECE571/TSMC_Cadence/ECE571_10_OR3/OR3_3x/lvs/pegasuslvsctl -ui_data -gdb_data /top/students/UNGRAD/ECE/scrowl/home/ECE571/TSMC_Cadence/tsmc18rf_lvs.rul
INFO:    Launch host CPU: Model: Intel(R) Xeon(R) CPU E5-2680 v4 @ 2.40GHz, OS: Rocky Linux release 8.10 (Green Obsidian), Logical cores: 56, Physical cores: 28, Cache: 35840 KB, CPU Speed: 3300 MHz
         Launch host Memory: MemTotal: 257812 MB,  MemFree: 46295 MB,  SwapTotal: 32767 MB,  SwapFree: 31281 MB,  VmallocTotal: 33554431 MB,  VmallocUsed: 341 MB
INFO:    Current path: /top/students/UNGRAD/ECE/scrowl/home/ECE571/TSMC_Cadence/ECE571_10_OR3/OR3_3x/lvs
INFO:    Run directory same as current path
INFO:    Log directory: /top/students/UNGRAD/ECE/scrowl/home/ECE571/TSMC_Cadence/ECE571_10_OR3/OR3_3x/lvs/LOGS
INFO:    PVL parsing results:
WARNING: Cmd-line override: LAYOUT_PRIMARY "OR3_3x";
WARNING: LAYOUT_PATH at line 739 in file /top/students/UNGRAD/ECE/scrowl/home/ECE571/TSMC_Cadence/tsmc18rf_lvs.rul is skipped. It is set in control file.
WARNING: LAYOUT_FORMAT at line 740 in file /top/students/UNGRAD/ECE/scrowl/home/ECE571/TSMC_Cadence/tsmc18rf_lvs.rul is skipped. It is set in control file.
WARNING: Cmd-line override: SCHEMATIC_PRIMARY "OR3_3x";
WARNING: SCHEMATIC_PATH at line 745 in file /top/students/UNGRAD/ECE/scrowl/home/ECE571/TSMC_Cadence/tsmc18rf_lvs.rul is skipped. It is set in control file.
WARNING: SCHEMATIC_FORMAT at line 746 in file /top/students/UNGRAD/ECE/scrowl/home/ECE571/TSMC_Cadence/tsmc18rf_lvs.rul is skipped. It is set in control file.
WARNING: option -drc is skipped at line 748 in file /top/students/UNGRAD/ECE/scrowl/home/ECE571/TSMC_Cadence/tsmc18rf_lvs.rul
WARNING: REPORT_SUMMARY statement at line 749 in file /top/students/UNGRAD/ECE/scrowl/home/ECE571/TSMC_Cadence/tsmc18rf_lvs.rul is ignored.
       summary file has been specified as /top/students/UNGRAD/ECE/scrowl/home/ECE571/TSMC_Cadence/ECE571_10_OR3/OR3_3x/lvs/OR3_3x.sum
WARNING: RESULTS_DB -ascii at line 751 in file /top/students/UNGRAD/ECE/scrowl/home/ECE571/TSMC_Cadence/tsmc18rf_lvs.rul is skipped. It is set in control file.
WARNING: REPORT_SUMMARY statement at line 752 in file /top/students/UNGRAD/ECE/scrowl/home/ECE571/TSMC_Cadence/tsmc18rf_lvs.rul is ignored.
       summary file has been specified as /top/students/UNGRAD/ECE/scrowl/home/ECE571/TSMC_Cadence/ECE571_10_OR3/OR3_3x/lvs/OR3_3x.sum
WARNING: LVS_REPORT_FILE at line 754 in file /top/students/UNGRAD/ECE/scrowl/home/ECE571/TSMC_Cadence/tsmc18rf_lvs.rul is skipped. It is set in control file.
WARNING: LVS_REPORT_MAX at line 755 in file /top/students/UNGRAD/ECE/scrowl/home/ECE571/TSMC_Cadence/tsmc18rf_lvs.rul is skipped. It is set in control file.
WARNING: LVS_FIND_SHORTS at line 759 in file /top/students/UNGRAD/ECE/scrowl/home/ECE571/TSMC_Cadence/tsmc18rf_lvs.rul is skipped. It is set in control file.
WARNING: LVS_REPORT_OPT at line 760 in file /top/students/UNGRAD/ECE/scrowl/home/ECE571/TSMC_Cadence/tsmc18rf_lvs.rul is skipped. It is set in control file.
WARNING: TEXT_DEPTH at line 767 in file /top/students/UNGRAD/ECE/scrowl/home/ECE571/TSMC_Cadence/tsmc18rf_lvs.rul is skipped. It is set in control file.
WARNING: LVS_IGNORE_PORTS at line 777 in file /top/students/UNGRAD/ECE/scrowl/home/ECE571/TSMC_Cadence/tsmc18rf_lvs.rul is skipped. It is set in control file.
WARNING: LVS_BREAK_AMBIG_MAX at line 796 in file /top/students/UNGRAD/ECE/scrowl/home/ECE571/TSMC_Cadence/tsmc18rf_lvs.rul is skipped. It is set in control file.
WARNING: VIRTUAL_CONNECT -colon at line 799 in file /top/students/UNGRAD/ECE/scrowl/home/ECE571/TSMC_Cadence/tsmc18rf_lvs.rul is skipped. It is set in control file.

INFO:    See "/top/students/UNGRAD/ECE/scrowl/home/ECE571/TSMC_Cadence/ECE571_10_OR3/OR3_3x/lvs/LOGS/pvl.log" for additional details.

INFO:    Checking out 1 license(s) of feature: 'Pegasus_LVS' version 23.1
INFO:    License checkout successful ... 2026-04-10 15:15:53

INFO:    Checking out 1 license(s) of feature: 'Pegasus_16nm' version 23.1
INFO:    License checkout successful ... 2026-04-10 15:15:53
WARNING: Neither hcell nor -automatch option is specified.
INFO:    Worker 0 started on host linuxa1.engr.colostate.edu with 1 cpu(s)
         CPU: Model: Intel(R) Xeon(R) CPU E5-2680 v4 @ 2.40GHz, OS: Rocky Linux release 8.10 (Green Obsidian), Logical cores: 56, Physical cores: 28, Cache: 35840 KB, CPU Speed: 3300 MHz
         Memory: MemTotal: 257812 MB,  MemFree: 46288 MB,  SwapTotal: 32767 MB,  SwapFree: 31281 MB,  VmallocTotal: 33554431 MB,  VmallocUsed: 341 MB
INFO:    LVS report file: /top/students/UNGRAD/ECE/scrowl/home/ECE571/TSMC_Cadence/ECE571_10_OR3/OR3_3x/lvs/OR3_3x.rep 
INFO:    Extracted layout netlist: /top/students/UNGRAD/ECE/scrowl/home/ECE571/TSMC_Cadence/ECE571_10_OR3/OR3_3x/lvs/OR3_3x.spi 
INFO:    Setting LAYOUT_PATH to: /top/students/UNGRAD/ECE/scrowl/home/ECE571/TSMC_Cadence/ECE571_10_OR3/OR3_3x/lvs/OR3_3x.gds.gz 
INFO:    Setting LAYOUT_PRIMARY to: OR3_3x 
INFO:    Setting SCHEMATIC_PATH to: /top/students/UNGRAD/ECE/scrowl/home/ECE571/TSMC_Cadence/ECE571_10_OR3/OR3_3x/lvs/OR3_3x.cdl 
INFO:    Setting SCHEMATIC_PRIMARY to: OR3_3x 

INFO:    Gdsii input summary
         File name: /top/students/UNGRAD/ECE/scrowl/home/ECE571/TSMC_Cadence/ECE571_10_OR3/OR3_3x/lvs/OR3_3x.gds.gz
         File size: 6184
         Version: 5.0
         Library name: ECE571_10_OR3
         Last modified: 2026-4-8 13:33:40
         Last accessed: 2026-4-10 15:15:44
         Database unit in user units: 0.001
         Database unit in meters: 1e-09
         Magnification: 1 

INFO:    Cell Summary:
         ----------------------------------------------------------------------------
             CELL            INSTANCE    GEOMETRY      LABELS        HREF        FREF
         ----------------------------------------------------------------------------
         OR3_3x                     0         453           6           1           1
         ----------------------------------------------------------------------------
         TOTAL CELL = 1;  INSTANCE = 0;  GEOMETRY = 453;  LABEL = 6

INFO:    Layer Summary:
         ----------------------------------------------------------------------------
             LAYER                                          ID       HPN      HTC        FPN       FTC
         ----------------------------------------------------------------------------
         OD                                             262144        10         0        10         0
         DIODMY                                         262145         0         0         0         0
         PWELLX                                              1         0         0         0         0
         RPDMYX                                         262146         0         0         0         0
         NWELL                                               2         1         0         1         0
         OD2                                                 4         0         0         0         0
         PIMP                                                7         5         0         5         0
         NIMP                                                8         5         0         5         0
         POLY1i                                             13        24         0        24         0
         POLY2                                              14         0         0         0         0
         CONT                                               15       361         0       361         0
         M1                                                 16        47         6        47         6
         VIA1                                               17         0         0         0         0
         M2                                                 18         0         0         0         0
         VTMP                                               23         0         0         0         0
         VTMN                                               24         0         0         0         0
         VIA2i                                              27         0         0         0         0
         M3                                                 28         0         0         0         0
         RPO                                                34         0         0         0         0
         HRI                                                48         0         0         0         0
         PSUB2                                              50         0         0         0         0
         RWDMYX                                             52         0         0         0         0
         RODMY                                              75         0         0         0         0
         DNW                                                82         0         0         0         0
         HVNWi                                              99         0         0         0         0
         NOPW                                              116         0         0         0         0
         NTN                                               129         0         0         0         0
         RLPPDMY                                           134         0         0         0         0
         VARDMYX                                           138         0         0         0         0
         DMP2V                                             149         0         0         0         0
         RFDUMMYX                                          160         0         0         0         0
         NBL                                               179         0         0         0         0
         HVOX                                              180         0         0         0         0
         DMN2V                                             184         0         0         0         0
         HVPBi                                             202         0         0         0         0
         ESD3DMY                                           234         0         0         0         0
         DOD                                              3008         0         0         0         0
         DPO                                              3012         0         0         0         0
         VTDN                                             3015         0         0         0         0
         VTHVDN                                           3016         0         0         0         0
         HRI3KDMY                                         3018         0         0         0         0
         BJTDMY                                           3036         0         0         0         0
         BJTDMY_4t                                        3037         0         0         0         0
         DIO3TDMY                                         3043         0         0         0         0
         DIO4TDMY                                         3044         0         0         0         0
         RMDMY                                            3047         0         0         0         0
         RMDMY1i                                          3048         0         0         0         0
         RMDMY2i                                          3049         0         0         0         0
         RMDMY3i                                          3050         0         0         0         0
         CMM_SH                                           3058         0         0         0         0
         CMM_3T                                           3059         0         0         0         0
         CMMDMY2p0                                        3061         0         0         0         0
         INDDMY                                           3062         0         0         0         0
         IND_MP                                           3066         0         0         0         0
         IND_D4                                           3067         0         0         0         0
         RFPADDMY                                         3070         0         0         0         0
         HIA_DUMMY                                        3071         0         0         0         0
         RFDUMMY1                                         3075         0         0         0         0
         RFDUMMY5T                                        3076         0         0         0         0
         RFDUMMY6T                                        3077         0         0         0         0
         RFDUMMYUD                                        3078         0         0         0         0
         VARG3                                            3080         0         0         0         0
         VARG6                                            3081         0         0         0         0
         JVARD                                            3082         0         0         0         0
         CTM2                                             3083         0         0         0         0
         CMM2                                             3088         0         0         0         0
         CTMDMY                                           3092         0         0         0         0
         CTMDMY1p0                                        3093         0         0         0         0
         CTMDMY1p5                                        3094         0         0         0         0
         CTMDMY2p0                                        3095         0         0         0         0
         CTMDMY_3t                                        3096         0         0         0         0
         CTMDMYUD                                         3097         0         0         0         0
         DUM1                                             3109         0         0         0         0
         DUM2                                             3110         0         0         0         0
         DUM3                                             3111         0         0         0         0
         M1SLOT                                           3116         0         0         0         0
         M2SLOT                                           3117         0         0         0         0
         M3SLOT                                           3118         0         0         0         0
         DRAIN                                            3125         0         0         0         0
         RWDMY1                                           3126         0         0         0         0
         RWDMY5                                           3127         0         0         0         0
         RPDMY1                                           3128         0         0         0         0
         RPDMY5                                           3129         0         0         0         0
         SBDUMMY                                          3132         0         0         0         0
         MOMDMY0                                          3133         0         0         0         0
         MOMDMY1                                          3134         0         0         0         0
         MOMDMY2                                          3135         0         0         0         0
         MOMDMY3                                          3136         0         0         0         0
         MOMDMYBB                                         3148         0         0         0         0
         MOMDMY100                                        3149         0         0         0         0
         LVSDMY                                           3150         0         0         0         0
         PO1                                              3152         0         0         0         0
         FGT                                              3153         0         0         0         0
         HVII                                             3154         0         0         0         0
         MCEL                                             3155         0         0         0         0
         HNVT                                             3156         0         0         0         0
         ULLNW                                            3159         0         0         0         0
         OD3                                              3160         0         0         0         0
         ELLDMY                                           3162         0         0         0         0
         CELLM                                            3163         0         0         0         0
         CELLH                                            3164         0         0         0         0
         NPS                                              3165         0         0         0         0
         PPS                                              3171         0         0         0         0
         NMOS_VT                                          3172         0         0         0         0
         CI                                               3173         0         0         0         0
         CIRPO                                            3174         0         0         0         0
         BGP                                              3178         0         0         0         0
         BGN                                              3179         0         0         0         0
         CELL_TX                                          3180         0         0         0         0
         CELL_RS                                          3181         0         0         0         0
         CAP_IMP                                          3182         0         0         0         0
         CELL_SL                                          3183         0         0         0         0
         BASE_N                                           3184         0         0         0         0
         ESD2DUMMY                                        3186         0         0         0         0
         lcesd1                                           3187         0         0         0         0
         lcesd2                                           3188         0         0         0         0
         lcesd_p                                          3189         0         0         0         0
         lcesd_m                                          3190         0         0         0         0
         MTDUM                                            3191         0         0         0         0
         POFUSE                                           3192         0         0         0         0
         MTP_2T2C                                         3198         0         0         0         0
         H18VNWDMY                                        3199         0         0         0         0
         SH_P                                             3200         0         0         0         0
         SH_N                                             3201         0         0         0         0
         DMYLD                                            3202         0         0         0         0
         LDPW                                             3203         0         0         0         0
         NDD_BCD                                          3204         0         0         0         0
         PDD_BCD                                          3205         0         0         0         0
         NDD                                              3206         0         0         0         0
         PDD                                              3207         0         0         0         0
         DPW                                              3208         0         0         0         0
         HV40DMY                                          3209         0         0         0         0
         HVDMY2                                           3210         0         0         0         0
         PA24DMY                                          3211         0         0         0         0
         NLD24DMY                                         3212         0         0         0         0
         NLVT                                             3213         0         0         0         0
         HV18DMY                                          3215         0         0         0         0
         HV32DMY                                          3216         0         0         0         0
         HV60DMY                                          3217         0         0         0         0
         LHLDMY                                           3218         0         0         0         0
         MACRODMY                                         3219         0         0         0         0
         LVGDMY                                           3220         0         0         0         0
         HLMIMCAP1P0                                      3223         0         0         0         0
         M0                                               3224         0         0         0         0
         MSi                                              3225         0         0         0         0
         SICR_V1                                          3226         0         0         0         0
         ANALOGDMYi                                       3227         0         0         0         0
         metal2_text                                      3231         0         0         0         0
         metal3_text                                      3232         0         0         0         0
         poly_text                                        3233         0         0         0         0
         ----------------------------------------------------------------------------

INFO:    CHIP EXTENT: -340 -640 15680 14580


INFO:    Ports ...
         ========================================================================

INFO:    Texts For Connectivity ...
         ========================================================================
         vss! (0.850, 0.010) 16 OR3_3x
         vdd! (0.800, 13.750) 16 OR3_3x
         F (14.520, 4.530) 16 OR3_3x
         C (0.760, 5.080) 16 OR3_3x
         B (0.780, 6.100) 16 OR3_3x
         A (0.520, 7.150) 16 OR3_3x

INFO:    Texts For SELECT -LABEL ...
         ========================================================================

INFO:    Texts For EXPAND_TEXT_ORIGIN ...
         ========================================================================

INFO:    Texts For DFM_TEXT ...
         ========================================================================

INFO:    Texts For Device Text Model Layer ...
         ========================================================================

INFO:    Texts For Device Text Property Layer ...
         ========================================================================

INFO:    Layer Summary(Texts For Connectivity):
         ----------------------------------------------------------------------------
             LAYER                                          ID       TEXTS
         ----------------------------------------------------------------------------
         M1                                                 16         6
         ----------------------------------------------------------------------------

INFO:    Layer Summary(Texts For SELECT -LABEL):
         ----------------------------------------------------------------------------
             LAYER                                          ID       TEXTS
         ----------------------------------------------------------------------------
         ----------------------------------------------------------------------------

INFO:    Layer Summary(Texts For EXPAND_TEXT_ORIGIN):
         ----------------------------------------------------------------------------
             LAYER                                          ID       TEXTS
         ----------------------------------------------------------------------------
         ----------------------------------------------------------------------------

INFO:    Layer Summary(Texts For DFM_TEXT):
         ----------------------------------------------------------------------------
             LAYER                                          ID       TEXTS
         ----------------------------------------------------------------------------
         ----------------------------------------------------------------------------

INFO:    Expanded Cell Summary
WARNING: There is no geometry for net name VDD5V.
WARNING: There is no geometry for net name TAVD33PST.
WARNING: There is no geometry for net name VDWELL.
WARNING: There is no geometry for net name AVDWELL.
WARNING: There is no geometry for net name VDDM.
WARNING: There is no geometry for net name TAVDDPST.
WARNING: There is no geometry for net name VDDSA.
WARNING: There is no geometry for net name AVD33WELL.
WARNING: There is no geometry for net name AVDDB.
WARNING: There is no geometry for net name AVD33B.
WARNING: There is no geometry for net name VDDESD.
WARNING: There is no geometry for net name VDD.
WARNING: There is no geometry for net name TVDD.
WARNING: There is no geometry for net name TAVDD.
WARNING: There is no geometry for net name DVDD.
WARNING: There is no geometry for net name AVDD.
WARNING: There is no geometry for net name VD33WELL.
WARNING: There is no geometry for net name AVD33R.
WARNING: There is no geometry for net name AVDDR.
WARNING: There is no geometry for net name VDDPST.
WARNING: There is no geometry for net name VDDG.
WARNING: There is no geometry for net name VD33.
WARNING: There is no geometry for net name TAVD33.
WARNING: There is no geometry for net name AVD33.
WARNING: There is no geometry for net name AVDDBG.
WARNING: There is no geometry for net name AVD33G.
WARNING: There is no geometry for net name AVDDG.
WARNING: SELECT_NET tndiff
WARNING: There is no geometry for net name AVS33SUB.
WARNING: There is no geometry for net name VSSM.
WARNING: There is no geometry for net name TAVSSPST.
WARNING: There is no geometry for net name VSSUB.
WARNING: There is no geometry for net name VS33SUB.
WARNING: There is no geometry for net name AVSSUB.
WARNING: There is no geometry for net name AVSSB.
WARNING: There is no geometry for net name AVS33B.
WARNING: There is no geometry for net name VSSESD.
WARNING: There is no geometry for net name GND.
WARNING: There is no geometry for net name AGND.
WARNING: There is no geometry for net name AVS33R.
WARNING: There is no geometry for net name AVSSR.
WARNING: There is no geometry for net name VSS.
WARNING: There is no geometry for net name TVSS.
WARNING: There is no geometry for net name TAVSS.
WARNING: There is no geometry for net name TACVSS.
WARNING: There is no geometry for net name DVSS.
WARNING: There is no geometry for net name AVSS.
WARNING: There is no geometry for net name VSSPST.
WARNING: There is no geometry for net name VSSG.
WARNING: There is no geometry for net name VS33.
WARNING: There is no geometry for net name AVS33.
WARNING: There is no geometry for net name AVSSBG.
WARNING: There is no geometry for net name AVS33G.
WARNING: There is no geometry for net name AVSSG.
WARNING: SELECT_NET tndiff
INFO:    Rule mnpg completed with no violations, 1/13
WARNING: There is no geometry for net name VDD5V.
WARNING: There is no geometry for net name TAVD33PST.
WARNING: There is no geometry for net name VDWELL.
WARNING: There is no geometry for net name AVDWELL.
WARNING: There is no geometry for net name VDDM.
WARNING: There is no geometry for net name TAVDDPST.
WARNING: There is no geometry for net name VDDSA.
WARNING: There is no geometry for net name AVD33WELL.
WARNING: There is no geometry for net name AVDDB.
WARNING: There is no geometry for net name AVD33B.
WARNING: There is no geometry for net name VDDESD.
WARNING: There is no geometry for net name VDD.
WARNING: There is no geometry for net name TVDD.
WARNING: There is no geometry for net name TAVDD.
WARNING: There is no geometry for net name DVDD.
WARNING: There is no geometry for net name AVDD.
WARNING: There is no geometry for net name VD33WELL.
WARNING: There is no geometry for net name AVD33R.
WARNING: There is no geometry for net name AVDDR.
WARNING: There is no geometry for net name VDDPST.
WARNING: There is no geometry for net name VDDG.
WARNING: There is no geometry for net name VD33.
WARNING: There is no geometry for net name TAVD33.
WARNING: There is no geometry for net name AVD33.
WARNING: There is no geometry for net name AVDDBG.
WARNING: There is no geometry for net name AVD33G.
WARNING: There is no geometry for net name AVDDG.
WARNING: SELECT_NET tpdiff
INFO:    Rule mppg completed with no violations, 2/13
INFO:    Rule mnpg_ldd completed with no violations, 3/13
         Remaining rules: mppg_ldd  mnpg_hvs  mppg_hvs  mnpg1  floating  floating.HVNW_float  floating.nxwell_float  floating.psub_float  npvss49  ppvdd49 
INFO:    Rule mppg_ldd completed with no violations, 4/13
         Remaining rules: mnpg_hvs  mppg_hvs  mnpg1  floating  floating.HVNW_float  floating.nxwell_float  floating.psub_float  npvss49  ppvdd49 
INFO:    Rule mnpg_hvs completed with no violations, 5/13
         Remaining rules: mppg_hvs  mnpg1  floating  floating.HVNW_float  floating.nxwell_float  floating.psub_float  npvss49  ppvdd49 
INFO:    Rule mppg_hvs completed with no violations, 6/13
         Remaining rules: mnpg1  floating  floating.HVNW_float  floating.nxwell_float  floating.psub_float  npvss49  ppvdd49 
INFO:    Rule mnpg1 completed with no violations, 7/13
         Remaining rules: floating  floating.HVNW_float  floating.nxwell_float  floating.psub_float  npvss49  ppvdd49 
INFO:    Rule floating completed with no violations, 8/13
         Remaining rules: floating.HVNW_float  floating.nxwell_float  floating.psub_float  npvss49  ppvdd49 
WARNING: ERC operations not executed due to no LVS Power Name or no LVS Ground Name found:
    PATHCHK HVNW_float -power not -ports_also (Worker 1)
INFO:    Rule floating.HVNW_float completed with no violations, 9/13
         Remaining rules: floating.nxwell_float  floating.psub_float  npvss49  ppvdd49 
WARNING: ERC operations not executed due to no LVS Power Name or no LVS Ground Name found:
    PATHCHK nxwell_float -power not -ports_also (Worker 1)
WARNING: There is no geometry for net name AVS33SUB.
WARNING: There is no geometry for net name VSSM.
WARNING: There is no geometry for net name TAVSSPST.
WARNING: There is no geometry for net name VSSUB.
WARNING: There is no geometry for net name VS33SUB.
WARNING: There is no geometry for net name AVSSUB.
WARNING: There is no geometry for net name AVSSB.
WARNING: There is no geometry for net name AVS33B.
WARNING: There is no geometry for net name VSSESD.
WARNING: There is no geometry for net name GND.
WARNING: There is no geometry for net name AGND.
WARNING: There is no geometry for net name AVS33R.
WARNING: There is no geometry for net name AVSSR.
WARNING: There is no geometry for net name VSS.
WARNING: There is no geometry for net name TVSS.
WARNING: There is no geometry for net name TAVSS.
WARNING: There is no geometry for net name TACVSS.
WARNING: There is no geometry for net name DVSS.
WARNING: There is no geometry for net name AVSS.
WARNING: There is no geometry for net name VSSPST.
WARNING: There is no geometry for net name VSSG.
WARNING: There is no geometry for net name VS33.
WARNING: There is no geometry for net name AVS33.
WARNING: There is no geometry for net name AVSSBG.
WARNING: There is no geometry for net name AVS33G.
WARNING: There is no geometry for net name AVSSG.
WARNING: SELECT_NET nxwell_float
INFO:    Rule floating.nxwell_float completed with no violations, 10/13
         Remaining rules: floating.psub_float  npvss49  ppvdd49 
WARNING: ERC operations not executed due to no LVS Power Name or no LVS Ground Name found:
    PATHCHK psub_float -ground not -ports_also (Worker 1)
WARNING: There is no geometry for net name VDD5V.
WARNING: There is no geometry for net name TAVD33PST.
WARNING: There is no geometry for net name VDWELL.
WARNING: There is no geometry for net name AVDWELL.
WARNING: There is no geometry for net name VDDM.
WARNING: There is no geometry for net name TAVDDPST.
WARNING: There is no geometry for net name VDDSA.
WARNING: There is no geometry for net name AVD33WELL.
WARNING: There is no geometry for net name AVDDB.
WARNING: There is no geometry for net name AVD33B.
WARNING: There is no geometry for net name VDDESD.
WARNING: There is no geometry for net name VDD.
WARNING: There is no geometry for net name TVDD.
WARNING: There is no geometry for net name TAVDD.
WARNING: There is no geometry for net name DVDD.
WARNING: There is no geometry for net name AVDD.
WARNING: There is no geometry for net name VD33WELL.
WARNING: There is no geometry for net name AVD33R.
WARNING: There is no geometry for net name AVDDR.
WARNING: There is no geometry for net name VDDPST.
WARNING: There is no geometry for net name VDDG.
WARNING: There is no geometry for net name VD33.
WARNING: There is no geometry for net name TAVD33.
WARNING: There is no geometry for net name AVD33.
WARNING: There is no geometry for net name AVDDBG.
WARNING: There is no geometry for net name AVD33G.
WARNING: There is no geometry for net name AVDDG.
WARNING: SELECT_NET psub_float
INFO:    Rule floating.psub_float completed with no violations, 11/13
         Remaining rules: npvss49  ppvdd49 
WARNING: There is no geometry for net name AVS33SUB.
WARNING: There is no geometry for net name VSSM.
WARNING: There is no geometry for net name TAVSSPST.
WARNING: There is no geometry for net name VSSUB.
WARNING: There is no geometry for net name VS33SUB.
WARNING: There is no geometry for net name AVSSUB.
WARNING: There is no geometry for net name AVSSB.
WARNING: There is no geometry for net name AVS33B.
WARNING: There is no geometry for net name VSSESD.
WARNING: There is no geometry for net name GND.
WARNING: There is no geometry for net name AGND.
WARNING: There is no geometry for net name AVS33R.
WARNING: There is no geometry for net name AVSSR.
WARNING: There is no geometry for net name VSS.
WARNING: There is no geometry for net name TVSS.
WARNING: There is no geometry for net name TAVSS.
WARNING: There is no geometry for net name TACVSS.
WARNING: There is no geometry for net name DVSS.
WARNING: There is no geometry for net name AVSS.
WARNING: There is no geometry for net name VSSPST.
WARNING: There is no geometry for net name VSSG.
WARNING: There is no geometry for net name VS33.
WARNING: There is no geometry for net name AVS33.
WARNING: There is no geometry for net name AVSSBG.
WARNING: There is no geometry for net name AVS33G.
WARNING: There is no geometry for net name AVSSG.
WARNING: SELECT_NET npvss49:ntap_not_var
INFO:    Rule npvss49 completed with no violations, 12/13
         Remaining rules: ppvdd49 
WARNING: There is no geometry for net name VDD5V.
WARNING: There is no geometry for net name TAVD33PST.
WARNING: There is no geometry for net name VDWELL.
WARNING: There is no geometry for net name AVDWELL.
WARNING: There is no geometry for net name VDDM.
WARNING: There is no geometry for net name TAVDDPST.
WARNING: There is no geometry for net name VDDSA.
WARNING: There is no geometry for net name AVD33WELL.
WARNING: There is no geometry for net name AVDDB.
WARNING: There is no geometry for net name AVD33B.
WARNING: There is no geometry for net name VDDESD.
WARNING: There is no geometry for net name VDD.
WARNING: There is no geometry for net name TVDD.
WARNING: There is no geometry for net name TAVDD.
WARNING: There is no geometry for net name DVDD.
WARNING: There is no geometry for net name AVDD.
WARNING: There is no geometry for net name VD33WELL.
WARNING: There is no geometry for net name AVD33R.
WARNING: There is no geometry for net name AVDDR.
WARNING: There is no geometry for net name VDDPST.
WARNING: There is no geometry for net name VDDG.
WARNING: There is no geometry for net name VD33.
WARNING: There is no geometry for net name TAVD33.
WARNING: There is no geometry for net name AVD33.
WARNING: There is no geometry for net name AVDDBG.
WARNING: There is no geometry for net name AVD33G.
WARNING: There is no geometry for net name AVDDG.
WARNING: SELECT_NET ptap
INFO:    Rule ppvdd49 completed with no violations, 13/13
INFO:    Status: Runset 100% complete as of 2026-04-10 15:15:54   Elapsed: 00:00:02
         Worker: Active CPUs  Total Mem(MB)  Active Mem(MB)  CPU time(s)
              0:    1 /   1             31              24            1
INFO:	 Status: Finishing as of 2026-04-10 15:15:54   Elapsed: 00:00:02   CPU time[s]: 2
INFO:    Resource usage by worker at exit:
                  CPU      Elapsed  CPUs       CPU       Peak        Peak engine
         Worker:  time[s]  time[s]  Allocated  usage[%]  Memory[MB]  Memory[MB]
              0:        1        2          1     72.19          31           24
         Worker resource usage  summary: Total CPU[s]: 1  Run duration[s]: 2  Max peak memory[MB]: 31
         Worker CPU utilization summary: 1 of 2 available CPU seconds (50.00%) with 1 average available CPU(s)
INFO:    Extraction result: CLEAN (Reporter)
INFO:    Generating summary in /top/students/UNGRAD/ECE/scrowl/home/ECE571/TSMC_Cadence/ECE571_10_OR3/OR3_3x/lvs/OR3_3x.sum
INFO:    All selected rules completed
         Total CPU Time                    : 2(s)
         Total Real Time                   : 2(s)
         Total Original Geometry           : 453(453)
         Total ERC RuleChecks              : 13
         Total ERC Results                 : 0 (0)
         ASCII report database is /top/students/UNGRAD/ECE/scrowl/home/ECE571/TSMC_Cadence/ECE571_10_OR3/OR3_3x/lvs/OR3_3x.erc_errors.ascii
INFO:    Pegasus extracted connectivity database creation started
INFO:    CmdLine: /usr/local/cadence-2024/PEGASUS231/tools.lnx86/Pegasus/bin/64bit/edbToEcdb -kf -edb OR3_3x_526018.db -ecdb ./ -topcell OR3_3x -netlist svdb/OR3_3x.net -layermap svdb/OR3_3x.ecdbmap -textmap svdb/OR3_3x.ports -dependmap OR3_3x.lmap.perc -kvp ifs:eWL -lvsfile svdb/OR3_3x.lvsfile -saveFloatingNets .OR3_3x.info.softchk 
INFO:    Opening layer file 'OR3_3x_526018.db/__layer'...
INFO:    Loading layer map file 'svdb/OR3_3x.ecdbmap'...
INFO:    Loading text map file 'svdb/OR3_3x.ports'...
INFO:    Loading dependency map file 'OR3_3x.lmap.perc'...
INFO:    Pre loading edb directory contents...
INFO:    ECDB file name './/.OR3_3x.ecdb'...
INFO:    Loading lvs file 'svdb/OR3_3x.lvsfile'...
INFO:    Writing db header information...(0s)
INFO:    Transfering cdl structures to ecdb structures...
INFO:    Read Netlist (32 threads)...
INFO:      DONE - (2s)
INFO:    Process (32 threads)...
INFO:    Cell(       0): 100% Done...(2s), OR3_3x                                  
INFO:      DONE - (0s)
INFO:    Cells creation time: (2s)
INFO:    Write netlist items...         (2s)
INFO:    Saving name table to db...
INFO:    Save device templates to the db...
INFO:    Save connect rules to the db...
INFO:    Write calculated header information to the top of file...
INFO:    Erasing cdl subckts...          (0s)

INFO:    edbToEcdb Header Information:
  ECDB file version   : 38
  DevTmpl offset      : 45524
  Connect offset      : 45624
  NameTable offset    : 43543
  Layer Map offset    : 167
  Cell Start offset   : 43473
  Cell End offset     : 43543
  Aux Data offset     : 64588
  Labels     offset   : 0
  Layer RW   offset   : 0
  NVP                 : ifs:0.01 
  Scale               : 4000
  GDS Scale           : 1000
  File size (static)  : 156629
  File size (dynamic) : 0
  Cell count          : 1
  ECDB create time    : 2
  EDB info            : 10
  Top Cell            : OR3_3x
  EDB info (Trans)    : WRITTEN_64 W_NOT_NET_ORDER 

INFO:    edbToEcdb Sizes written to disk (MB):
  NameTbl             :     0.001981
  Layers              :     0.035012
  Shapes              :     0.003755
  XYTree              :     0.003071
  LookUpTbls          :     0.000278
  Cells               :     0.000081
  Insts               :     0.000396
  Ports               :     0.000528
  Nets                :     0.000072
  Pins                :     0.000019
  Labels              :     0.000168
  DevTmpl             :     0.000100
  Connect             :     0.018960
  Header              :     0.000167
  AuxData             :     0.092039
  NvnLabels           :     0.000002
---------------------------------
  Total               :     0.156629

INFO:    Manager summary: CPU(s): 0 Elapsed(s): 2 Peak memory(MB): 172.29
INFO:    Pegasus extracted connectivity database creation completed. 2026-04-10 15:15:56
INFO:    Pegasus REPORTDB creation started...
INFO:    Processing file OR3_3x.rep
INFO:    Manager summary: CPU(s): 0 Elapsed(s): 0 Peak memory(MB): 0.00
INFO:    Pegasus REPORTDB creation completed. 2026-04-10 15:15:57
WARNING (NVN-15004): Rule 'text_depth -primary' was already set. Ignoring 'text_depth -PRIMARY'.


INFO:    Comparing netlists ...
INFO:    Setup VLDB (0s)
INFO:    Init sch rules (0s)
INFO:    Init lay rules (0s)
INFO:    Init structures (0s)
INFO:    Set cells to delete (0s)
INFO:    Check expand on pin error (0s)
INFO:    Reading schematic network
INFO:     inputting cdl netlist /top/students/UNGRAD/ECE/scrowl/home/ECE571/TSMC_Cadence/ECE571_10_OR3/OR3_3x/lvs/OR3_3x.cdl...
WARNING (NVN-13002): *.BIPOLAR is not supported.
WARNING (NVN-13002): *.RESI is not supported.
WARNING (NVN-13002): *.RESVAL is not supported.
WARNING (NVN-13002): *.CAPVAL is not supported.
WARNING (NVN-13002): *.DIOPERI is not supported.
WARNING (NVN-13002): *.DIOAREA is not supported.
WARNING (NVN-13002): *.EQUATION is not supported.
WARNING (NVN-13003): "*.SCALE" is not supported. Use ".OPTION SCALE" instead or specify  'lvs_cdn_flow_options -cdl_use_scale' in the rule file.
WARNING (NVN-13002): *.PIN is not supported.
INFO:     finished loading cdl netlist /top/students/UNGRAD/ECE/scrowl/home/ECE571/TSMC_Cadence/ECE571_10_OR3/OR3_3x/lvs/OR3_3x.cdl (0s)
INFO:     commit cdl netlist(s)...
INFO:     finished committing cdl netlists (0s)
INFO:    Post sch netlist rule processing (0s)
INFO:    Reading layout network
INFO:     inputting (fast parser) cdl netlist  /top/students/UNGRAD/ECE/scrowl/home/ECE571/TSMC_Cadence/ECE571_10_OR3/OR3_3x/lvs/OR3_3x.spi...
INFO:     finished loading cdl netlist /top/students/UNGRAD/ECE/scrowl/home/ECE571/TSMC_Cadence/ECE571_10_OR3/OR3_3x/lvs/OR3_3x.spi (0s)
INFO:     commit cdl netlist(s)...
INFO:     finished committing cdl netlists (0s)
INFO:    Post lay netlist rule processing (0s)
INFO:    Processing blackBox rules (0s)
INFO:    Processing bindings (0s)
INFO:    Commit sch verilog netlist (0s)
INFO:    Commit lay verilog netlist (0s)
INFO:    Erase netlist data (0s)
INFO:    Set blackbox cells (0s)
INFO:    Sch put cells in memory (0s)
INFO:    Sch update netlist rules (0s)
INFO:    Sch set devices to delete (0s)
INFO:    Sch adjust device pins (0s)
INFO:    Sch calc hier order (0s)
INFO:    Sch process inherited connections (0s)
INFO:    Sch generate qrc files (0s)
INFO:    Sch handle global pins (0s)
INFO:    Sch apply rule actions with processed netlist (0s)
INFO:    Sch process cell supply (0s)
INFO:    Lay put cells in memory (0s)
INFO:    Lay update netlist rules (0s)
INFO:    Lay set devices to delete (0s)
INFO:    Lay calc hier order (0s)
INFO:    Lay process inherited connections (0s)
INFO:    Lay generate qrc files (0s)
INFO:    Lay handle global pins (0s)
INFO:    Lay apply rule actions with processed netlist (0s)
INFO:    Lay process cell supply (0s)
INFO:    Check if interposer flow (0s)
INFO:    Check binding file (0s)
INFO:    Set topcell global pin indicator (0s)
INFO:    Calculate preserve parameterized cells (0s)
INFO:    Check generic device bindings (0s)
INFO:    Calculate primitive device bindings (0s)
INFO:    Remove unused device parameters (0s)
INFO:    Set instances to flatten inside cells (0s)
INFO:    Calculate parameters (0s)
INFO:    Start sch normalization (0s)
INFO:    Start lay normalization (0s)
INFO:    Calculate primitive device bindings (2nd time) (0s)
INFO:    Finalize binding (0s)
INFO:    Sch join nets (0s)
INFO:    Sch setup hier normalization (0s)
INFO:    Sch remove feedthroughs and black box cell instances (0s)
INFO:    Sch remove identical pins (0s)
INFO:    Sch calc connection counts (0s)
INFO:    Run genHierCells (0s)
INFO:    Reset normalization flags (0s)
INFO:    Lay join nets (0s)
INFO:    Lay setup hier normalization (0s)
INFO:    Lay remove feedthroughs and black box cell instances (0s)
INFO:    Lay remove identical pins (0s)
INFO:    Lay calc connection counts (0s)
INFO:    Normalize sch (0s)
INFO:    Read in color file (0s)
INFO:    Set scale factor per cell (0s)
INFO:    Setup property init rules (0s)
INFO:    Write sch vldb file (0s)
INFO:    Write lay vldb file (0s)
INFO:    Apply preserve parameterized cells (0s)
INFO:    Cleanup after VLDB processing (0s)
INFO (NVN-10007): Found ecdb file .OR3_3x.ecdb, will use during comparison.

INFO:    Cell comparison output format:
            <Comparing|Top Cell> <Layout Cell> vs <Schematic Cell>
               <Layout instances> insts vs <Schematic instances> insts  (<Time>)-<Status>

         Top Cell  OR3_3x vs OR3_3x
            8 insts vs 8 insts . . . . . . . . . . . . . . . . . . . . . . . . (0s)-match

INFO:    Generating the LVS report...
           Report Init (1s)
           Load common queries (0s)
           Create report (1s)
           Cleanup (0s)
INFO:    Report finished

INFO:    Extraction Run Summary
         Total CPU Time        : 2(s)
         Total Real Time       : 2(s)
         Peak Memory Used      : 32.00(M)


INFO:    NVN Run Summary
         Total CPU Time        : 1(s)
         Total Real Time       : 1(s)
         Peak Memory Used      : 336.80(M)


INFO:    LVS Summary
         Total CPU Time        : 3(s)
         Total Real Time       : 3(s)
         Peak Memory Used      : 336.80(M)

    #######################################################################################################################
    #                                                                                                                     #
    # Run Result             : MATCH                                                                                      #
    #                                                                                                                     #
    # Run Summary            : [INFO]  ERC Results: Empty, non-executed ERC operations exist (refer to ERC Summary File)  #
    #                        : [INFO]  Extraction Clean                                                                   #
    #                                                                                                                     #
    # ERC Summary File       : OR3_3x.sum                                                                                 #
    # Extraction Report File : OR3_3x.rep                                                                                 #
    # Comparison Report File : OR3_3x.rep.cls                                                                             #
    #                                                                                                                     #
    #######################################################################################################################

INFO:    Checking in all SoftShare licenses.

Pegasus finished normally. 2026-04-10 15:15:59


