Virtuoso Framework License (111) was checked out successfully. Total checkout time was 0.03s.
********************************************************************************
Product   : Virtuoso(R) XStream Out
Program   : @(#)$CDS: strmout version IC23.1-64b 02/20/2024 22:50 (cpgbld15) $
          : sub-version  IC23.1-64b.ISR5.29 
Started at: 10-Apr-2026  16:46:21
User Name : kparham0
Host Name : linuxg5.engr.colostate.edu
Directory : /top/students/UNGRAD/ECE/kparham0/home/ECE571/TSMC_Cadence
CADENCE Design Systems, Inc.
********************************************************************************
Info: Cellview Rev Num:99,  Tech Rev Num:59

WARNING (XSTRM-20): Output Stream file '/top/students/UNGRAD/ECE/kparham0/home/ECE571/TSMC_Cadence/Lab2/NAND2_1x/layout/NAND2_1x.gds.gz' already exists. It will be overwritten.
*WARNING* The directory: '/top/students/UNGRAD/ECE/kparham0/home/ECE571/TSMC_Cadence/$ASSURAHOME/tools.lnx86/assura/etc/avtech/avTech' does not exist
	but was defined in libFile '/top/students/UNGRAD/ECE/kparham0/home/ECE571/TSMC_Cadence/cds.lib' for Lib 'avTech'.
Initializing diodesd.cbe from libInit.il for library tsmc18rf...
Initializing rfnmos3v.cbe from libInit.il for library tsmc18rf...
Initializing mimcap_m6.cbe from libInit.il for library tsmc18rf...
Initializing rmt_m4.cbe from libInit.il for library tsmc18rf...
Initializing mos_var33.cbe from libInit.il for library tsmc18rf...
Initializing mos_var_b.cbe from libInit.il for library tsmc18rf...
Initializing pmos2v_mis.cbe from libInit.il for library tsmc18rf...
Initializing rplplus.cbe from libInit.il for library tsmc18rf...
Initializing ind_sym_m6.cbe from libInit.il for library tsmc18rf...
Initializing rm2.cbe from libInit.il for library tsmc18rf...
Initializing rnlplus.cbe from libInit.il for library tsmc18rf...
Initializing nmos3v.cbe from libInit.il for library tsmc18rf...
Initializing rnhpoly_dis.cbe from libInit.il for library tsmc18rf...
Initializing rfpmos2v_mis.cbe from libInit.il for library tsmc18rf...
Initializing mos_var_b3.cbe from libInit.il for library tsmc18rf...
Initializing rplpoly.cbe from libInit.il for library tsmc18rf...
Initializing vpnp3.cbe from libInit.il for library tsmc18rf...
Initializing rmt_m5.cbe from libInit.il for library tsmc18rf...
Initializing nmos3vdnw.cbe from libInit.il for library tsmc18rf...
Initializing pwcon.cbe from libInit.il for library tsmc18rf...
Initializing psubcon.cbe from libInit.il for library tsmc18rf...
Initializing rnwod.cbe from libInit.il for library tsmc18rf...
Initializing npn.cbe from libInit.il for library tsmc18rf...
Initializing pmos3v.cbe from libInit.il for library tsmc18rf...
Initializing vpnp.cbe from libInit.il for library tsmc18rf...
Initializing rmt_m6.cbe from libInit.il for library tsmc18rf...
Initializing diode.cbe from libInit.il for library tsmc18rf...
Initializing jvar.cbe from libInit.il for library tsmc18rf...
Initializing rpplus.cbe from libInit.il for library tsmc18rf...
Initializing dnwcon.cbe from libInit.il for library tsmc18rf...
Initializing nmos2v.cbe from libInit.il for library tsmc18rf...
Initializing rplpoly_dis.cbe from libInit.il for library tsmc18rf...
Initializing rfpmos2v.cbe from libInit.il for library tsmc18rf...
Initializing nmosmvt3v.cbe from libInit.il for library tsmc18rf...
Initializing nmosnvt2v.cbe from libInit.il for library tsmc18rf...
Initializing rm1.cbe from libInit.il for library tsmc18rf...
Initializing nmos3v_mis.cbe from libInit.il for library tsmc18rf...
Initializing rfpmos3v_mis.cbe from libInit.il for library tsmc18rf...
Initializing rm3.cbe from libInit.il for library tsmc18rf...
Initializing dio_dnwpsub.cbe from libInit.il for library tsmc18rf...
Initializing nmosmvt2v.cbe from libInit.il for library tsmc18rf...
Initializing pmosmvt2v.cbe from libInit.il for library tsmc18rf...
Initializing rnlpoly.cbe from libInit.il for library tsmc18rf...
Initializing nwcon.cbe from libInit.il for library tsmc18rf...
Initializing mos.cbe from libInit.il for library tsmc18rf...
Initializing mimcap_rf_m6.cbe from libInit.il for library tsmc18rf...
Initializing rfpmos3v_nw_mis.cbe from libInit.il for library tsmc18rf...
Initializing rm5.cbe from libInit.il for library tsmc18rf...
Initializing rphpoly.cbe from libInit.il for library tsmc18rf...
Initializing cap.cbe from libInit.il for library tsmc18rf...
Initializing dio_pwdnw.cbe from libInit.il for library tsmc18rf...
Initializing pmos3v_mis.cbe from libInit.il for library tsmc18rf...
Initializing rphpoly_dis.cbe from libInit.il for library tsmc18rf...
Initializing rnplus.cbe from libInit.il for library tsmc18rf...
Initializing rphpoly_rf.cbe from libInit.il for library tsmc18rf...
Initializing rfnmos2v_mis.cbe from libInit.il for library tsmc18rf...
Initializing rnlpoly_dis.cbe from libInit.il for library tsmc18rf...
Initializing rfnmos2v.cbe from libInit.il for library tsmc18rf...
Initializing rnhpoly.cbe from libInit.il for library tsmc18rf...
Initializing pmos2v.cbe from libInit.il for library tsmc18rf...
Initializing rplpoly_rf.cbe from libInit.il for library tsmc18rf...
Initializing nmos2v_mis.cbe from libInit.il for library tsmc18rf...
Initializing rfpmos3v.cbe from libInit.il for library tsmc18rf...
Initializing resnwod.cbe from libInit.il for library tsmc18rf...
Initializing rnwell.cbe from libInit.il for library tsmc18rf...
Initializing rphripoly_dis.cbe from libInit.il for library tsmc18rf...
Initializing nmos2vdnw.cbe from libInit.il for library tsmc18rf...
Initializing nmosnvt3v.cbe from libInit.il for library tsmc18rf...
Initializing cap_mos.cbe from libInit.il for library tsmc18rf...
Initializing mos_var.cbe from libInit.il for library tsmc18rf...
Initializing rfnmos3v_mis.cbe from libInit.il for library tsmc18rf...
Initializing rfpmos2v_nw_mis.cbe from libInit.il for library tsmc18rf...
Initializing ind_sym_ct_m6.cbe from libInit.il for library tsmc18rf...
Initializing rphripoly_rf.cbe from libInit.il for library tsmc18rf...
Initializing rfpmos2v_nw.cbe from libInit.il for library tsmc18rf...
Initializing rm4.cbe from libInit.il for library tsmc18rf...
Initializing ind_std_m6.cbe from libInit.il for library tsmc18rf...
Initializing rphripoly.cbe from libInit.il for library tsmc18rf...
Initializing res.cbe from libInit.il for library tsmc18rf...
Initializing rfpmos3v_nw.cbe from libInit.il for library tsmc18rf...
Initializing metRes.cbe from libInit.il for library tsmc18rf...
Initializing utility.ile from libInit.il for library tsmc18rf...
Initializing metRes.ile from libInit.il for library tsmc18rf...
Initializing resnwod.ile from libInit.il for library tsmc18rf...
Initializing tsAbutFunction.ile from libInit.il for library tsmc18rf...
Initializing tsmc18rf_PDK_V13ctoV13d_migration.ile from libInit.il for library tsmc18rf...
Initializing tsmcChangeLPP.ile from libInit.il for library tsmc18rf...
Initializing tsmcGetParam.ile from libInit.il for library tsmc18rf...
Initializing addWire_018rf.ile from libInit.il for library tsmc18rf...
Initializing tsmc18rf_PDK_V12btoV13d.ile from libInit.il for library tsmc18rf...
function tsmc_moveChild redefined
function tsmc_moveInstance redefined
Initializing Ind_Util_018rf.ile from libInit.il for library tsmc18rf...
Initializing tsmcNetlist.ile from libInit.il for library tsmc18rf...
Initializing tsmcUtilities2.ile from libInit.il for library tsmc18rf...
Initializing ipTag.ile from libInit.il for library tsmc18rf...
Initializing cap_mos.ile from libInit.il for library tsmc18rf...
Initializing tsmcUtilities.ile from libInit.il for library tsmc18rf...
Initializing tsmcCIW.ile from libInit.il for library tsmc18rf...
Initializing tsmcMigration.ile from libInit.il for library tsmc18rf...
Initializing tsmc18rf_updateCDFs.ile from libInit.il for library tsmc18rf...
Initializing mos.ile from libInit.il for library tsmc18rf...
Initializing tsmcPulldown.ile from libInit.il for library tsmc18rf...
Initializing changeName_N90.ile from libInit.il for library tsmc18rf...
Initializing tsmcPdkParamTable.ile from libInit.il for library tsmc18rf...
INFO (TECH-150003): The technology database "tsmc18rf" has been automatically
updated from revision 226610(DM 4) to revision 227612(DM 4) in virtual memory.
INFO (XSTRM-217): Reading the layer map file, /top/students/UNGRAD/ECE/kparham0/home/ECE571/TSMC_Cadence/tsmc18rf/tsmc18rf.layermap
INFO (XSTRM-427): Based on current hardware configuration, running XStream Out translation in multi-threaded mode with 4 threads.
INFO (XSTRM-280): The output file will be a compressed file because the file name has extension .gz
INFO (XSTRM-162): You have not used the '-viaMap' option. If the OpenAccess design has native oaVia instances, use the '-viaMap' option for preserving oaVia instances in a XStream Out - XStream In round trip. Using the '-viaMap' option improves performance and VM usage of applications using the Streamed-In design.

Summary of Options :
library                                 Lab2
strmFile                                /top/students/UNGRAD/ECE/kparham0/home/ECE571/TSMC_Cadence/Lab2/NAND2_1x/layout/NAND2_1x.gds.gz
topCell                                 NAND2_1x
view                                    layout
runDir                                  /top/students/UNGRAD/ECE/kparham0/home/ECE571/TSMC_Cadence/Lab2/NAND2_1x/layout
logFile                                 /top/students/UNGRAD/ECE/kparham0/home/ECE571/TSMC_Cadence/Lab2/NAND2_1x/layout/PIPO1.LOG
techLib                                 tsmc18rf
hierDepth                               32
maxVertices                             2048
layerMap                                /top/students/UNGRAD/ECE/kparham0/home/ECE571/TSMC_Cadence/tsmc18rf/tsmc18rf.layermap
userSkillFile                           /top/students/UNGRAD/ECE/kparham0/home/ECE571/TSMC_Cadence/Lab2/NAND2_1x/layout/strmout.il
labelDepth                              32
case                                    Preserve
convertDot                              node

INFO (XSTRM-180): You have not used the '-objectMap' option. The design has instance(s) of at least one of following OpenAccess objects: oaBlockage, oaBoundary, oaRow, and oaMarker. Any information about these objects will not be translated into the generated stream file. Use the '-objectMap' option to translate/preserve these objects using XStream.
INFO (XSTRM-223): 1. Translating cellview Lab2/NAND2_1x/layout as STRUCTURE NAND2_1x.

Summary of Objects Translated:
	Scalar Instances:                       0
	Array Instances:                        0
	Polygons:                               0
	Paths:                                  0
	Rectangles:                             74
	Lines:                                  0
	Arcs:                                   0
	Donuts:                                 0
	Dots:                                   0
	Ellipses:                               0
	Boundaries:                             0
	Area Blockages:                         0
	Layer Blockages:                        0
	Area Halos:                             0
	Markers:                                0
	Rows:                                   0
	Stitch:                                 0
	Standard Vias                           0
	Custom Vias:                            0
	CdsGen Vias:                            0
	Pathsegs:                               0
	Text:                                   0
	TextDisplay:                            5
	Cells:                                  1

Elapsed Time: 0.6s   User Time: 0.2s   CPU Time: 0.1s   Peak VM: 47068KB
INFO (XSTRM-234): Translation completed. '0' error(s) and '1' warning(s) found.
