********************************************************************************
Product   : Virtuoso(R) XStream Out
Program   : @(#)$CDS: strmout version IC23.1-64b 02/20/2024 22:50 (cpgbld15) $
          : sub-version  IC23.1-64b.ISR5.29 
Started at: 10-Apr-2026  16:46:21
User Name : kparham0
Host Name : linuxg5.engr.colostate.edu
Directory : /top/students/UNGRAD/ECE/kparham0/home/ECE571/TSMC_Cadence
CADENCE Design Systems, Inc.
********************************************************************************
Info: Cellview Rev Num:99,  Tech Rev Num:59

WARNING (XSTRM-20): Output Stream file '/top/students/UNGRAD/ECE/kparham0/home/ECE571/TSMC_Cadence/Lab2/NAND2_1x/layout/NAND2_1x.gds.gz' already exists. It will be overwritten.
INFO (XSTRM-217): Reading the layer map file, /top/students/UNGRAD/ECE/kparham0/home/ECE571/TSMC_Cadence/tsmc18rf/tsmc18rf.layermap
INFO (XSTRM-427): Based on current hardware configuration, running XStream Out translation in multi-threaded mode with 4 threads.
INFO (XSTRM-280): The output file will be a compressed file because the file name has extension .gz
INFO (XSTRM-162): You have not used the '-viaMap' option. If the OpenAccess design has native oaVia instances, use the '-viaMap' option for preserving oaVia instances in a XStream Out - XStream In round trip. Using the '-viaMap' option improves performance and VM usage of applications using the Streamed-In design.

Summary of Options :
library                                 Lab2
strmFile                                /top/students/UNGRAD/ECE/kparham0/home/ECE571/TSMC_Cadence/Lab2/NAND2_1x/layout/NAND2_1x.gds.gz
topCell                                 NAND2_1x
view                                    layout
runDir                                  /top/students/UNGRAD/ECE/kparham0/home/ECE571/TSMC_Cadence/Lab2/NAND2_1x/layout
logFile                                 /top/students/UNGRAD/ECE/kparham0/home/ECE571/TSMC_Cadence/Lab2/NAND2_1x/layout/PIPO1.LOG
techLib                                 tsmc18rf
hierDepth                               32
maxVertices                             2048
layerMap                                /top/students/UNGRAD/ECE/kparham0/home/ECE571/TSMC_Cadence/tsmc18rf/tsmc18rf.layermap
userSkillFile                           /top/students/UNGRAD/ECE/kparham0/home/ECE571/TSMC_Cadence/Lab2/NAND2_1x/layout/strmout.il
labelDepth                              32
case                                    Preserve
convertDot                              node

INFO (XSTRM-180): You have not used the '-objectMap' option. The design has instance(s) of at least one of following OpenAccess objects: oaBlockage, oaBoundary, oaRow, and oaMarker. Any information about these objects will not be translated into the generated stream file. Use the '-objectMap' option to translate/preserve these objects using XStream.
INFO (XSTRM-223): 1. Translating cellview Lab2/NAND2_1x/layout as STRUCTURE NAND2_1x.

Summary of Objects Translated:
	Scalar Instances:                       0
	Array Instances:                        0
	Polygons:                               0
	Paths:                                  0
	Rectangles:                             74
	Lines:                                  0
	Arcs:                                   0
	Donuts:                                 0
	Dots:                                   0
	Ellipses:                               0
	Boundaries:                             0
	Area Blockages:                         0
	Layer Blockages:                        0
	Area Halos:                             0
	Markers:                                0
	Rows:                                   0
	Stitch:                                 0
	Standard Vias                           0
	Custom Vias:                            0
	CdsGen Vias:                            0
	Pathsegs:                               0
	Text:                                   0
	TextDisplay:                            5
	Cells:                                  1

Elapsed Time: 0.6s   User Time: 0.2s   CPU Time: 0.1s   Peak VM: 47068KB
INFO (XSTRM-234): Translation completed. '0' error(s) and '1' warning(s) found.
