Running: /usr/local/cadence-2024/PEGASUS231/tools.lnx86/Pegasus/bin/64bit/pegasusvirt \
  -isPegasus \
  -mode drc \
  -global_log_file /top/students/UNGRAD/ECE/brotel/home/ECE571/TSMC_Cadence/ECE571_12_AND3/AND3_2x/pegasusuidrc.log \
  -control /top/students/UNGRAD/ECE/brotel/home/ECE571/TSMC_Cadence/ECE571_12_AND3/AND3_2x/pegasusdrcctl \
  -cell_tree /top/students/UNGRAD/ECE/brotel/home/ECE571/TSMC_Cadence/ECE571_12_AND3/AND3_2x/cell_tree.txt \
  -layLibName ECE571_12_AND3 \
  -layCellName AND3_2x \
  -layViewName layout \
  -igds /top/students/UNGRAD/ECE/brotel/home/ECE571/TSMC_Cadence/ECE571_12_AND3/AND3_2x/AND3_2x.gds.gz \
  -layScale 0.001 \
  -layTechLib ECE571_12_AND3 \
  -convertPin geometry \
  -replaceBusBitChar nil \
  -noConvertHalfWidthPath nil \
  -layHierDepth 32 \
  -layMaxVertices 2048 \
  -enableColoring no \
  -rulesFile /top/students/UNGRAD/ECE/brotel/home/ECE571/TSMC_Cadence/Pegasus/tsmc18rf.rul \
  -log_dir LOGS \
  -df2_version IC23.1.0 \
  -sign IPVS_1776484249_2594545 \
  -run_dir /top/students/UNGRAD/ECE/brotel/home/ECE571/TSMC_Cadence/ECE571_12_AND3/AND3_2x \
  -no_rules_check



Virtuoso Framework License (111) was checked out successfully. Total checkout time was 0.03s.
********************************************************************************
Product   : Virtuoso(R) XStream Out
Program   : @(#)$CDS: strmout version IC23.1-64b 02/20/2024 22:50 (cpgbld15) $
          : sub-version  IC23.1-64b.ISR5.29 
Started at: 17-Apr-2026  21:50:52
User Name : brotel
Host Name : linuxa3.engr.colostate.edu
Directory : /top/students/UNGRAD/ECE/brotel/home/ECE571/TSMC_Cadence
CADENCE Design Systems, Inc.
********************************************************************************
Info: Cellview Rev Num:99,  Tech Rev Num:59

WARNING (XSTRM-20): Output Stream file '/top/students/UNGRAD/ECE/brotel/home/ECE571/TSMC_Cadence/ECE571_12_AND3/AND3_2x/AND3_2x.gds.gz' already exists. It will be overwritten.
*WARNING* The directory: '/top/students/UNGRAD/ECE/brotel/home/ECE571/TSMC_Cadence/$ASSURAHOME/tools.lnx86/assura/etc/avtech/avTech' does not exist
	but was defined in libFile '/top/students/UNGRAD/ECE/brotel/home/ECE571/TSMC_Cadence/cds.lib' for Lib 'avTech'.
INFO (XSTRM-288): Performing automatic layer mapping because either the layer mapping information is not provided or the XST_AUTO_LM  value is used with the '-layerMap' option. Additionally, the  'xStrmOut_layerMap.txt' file has been generated and the mapping information has been added to it.
INFO (XSTRM-427): Based on current hardware configuration, running XStream Out translation in multi-threaded mode with 4 threads.
INFO (XSTRM-280): The output file will be a compressed file because the file name has extension .gz
INFO (XSTRM-162): You have not used the '-viaMap' option. If the OpenAccess design has native oaVia instances, use the '-viaMap' option for preserving oaVia instances in a XStream Out - XStream In round trip. Using the '-viaMap' option improves performance and VM usage of applications using the Streamed-In design.

Summary of Options :
library                                 ECE571_12_AND3
strmFile                                /top/students/UNGRAD/ECE/brotel/home/ECE571/TSMC_Cadence/ECE571_12_AND3/AND3_2x/AND3_2x.gds.gz
topCell                                 AND3_2x
view                                    layout
runDir                                  /top/students/UNGRAD/ECE/brotel/home/ECE571/TSMC_Cadence/ECE571_12_AND3/AND3_2x
logFile                                 /top/students/UNGRAD/ECE/brotel/home/ECE571/TSMC_Cadence/ECE571_12_AND3/AND3_2x/PIPO1.LOG
techLib                                 ECE571_12_AND3
hierDepth                               32
maxVertices                             2048
userSkillFile                           /top/students/UNGRAD/ECE/brotel/home/ECE571/TSMC_Cadence/ECE571_12_AND3/AND3_2x/strmout.il
labelDepth                              32
case                                    Preserve
convertDot                              node

Initializing diodesd.cbe from libInit.il for library tsmc18rf...
Initializing rfnmos3v.cbe from libInit.il for library tsmc18rf...
Initializing mimcap_m6.cbe from libInit.il for library tsmc18rf...
Initializing rmt_m4.cbe from libInit.il for library tsmc18rf...
Initializing mos_var33.cbe from libInit.il for library tsmc18rf...
Initializing mos_var_b.cbe from libInit.il for library tsmc18rf...
Initializing pmos2v_mis.cbe from libInit.il for library tsmc18rf...
Initializing rplplus.cbe from libInit.il for library tsmc18rf...
Initializing ind_sym_m6.cbe from libInit.il for library tsmc18rf...
Initializing rm2.cbe from libInit.il for library tsmc18rf...
Initializing rnlplus.cbe from libInit.il for library tsmc18rf...
Initializing nmos3v.cbe from libInit.il for library tsmc18rf...
Initializing rnhpoly_dis.cbe from libInit.il for library tsmc18rf...
Initializing rfpmos2v_mis.cbe from libInit.il for library tsmc18rf...
Initializing mos_var_b3.cbe from libInit.il for library tsmc18rf...
Initializing rplpoly.cbe from libInit.il for library tsmc18rf...
Initializing vpnp3.cbe from libInit.il for library tsmc18rf...
Initializing rmt_m5.cbe from libInit.il for library tsmc18rf...
Initializing nmos3vdnw.cbe from libInit.il for library tsmc18rf...
Initializing pwcon.cbe from libInit.il for library tsmc18rf...
Initializing psubcon.cbe from libInit.il for library tsmc18rf...
Initializing rnwod.cbe from libInit.il for library tsmc18rf...
Initializing npn.cbe from libInit.il for library tsmc18rf...
Initializing pmos3v.cbe from libInit.il for library tsmc18rf...
Initializing vpnp.cbe from libInit.il for library tsmc18rf...
Initializing rmt_m6.cbe from libInit.il for library tsmc18rf...
Initializing diode.cbe from libInit.il for library tsmc18rf...
Initializing jvar.cbe from libInit.il for library tsmc18rf...
Initializing rpplus.cbe from libInit.il for library tsmc18rf...
Initializing dnwcon.cbe from libInit.il for library tsmc18rf...
Initializing nmos2v.cbe from libInit.il for library tsmc18rf...
Initializing rplpoly_dis.cbe from libInit.il for library tsmc18rf...
Initializing rfpmos2v.cbe from libInit.il for library tsmc18rf...
Initializing nmosmvt3v.cbe from libInit.il for library tsmc18rf...
Initializing nmosnvt2v.cbe from libInit.il for library tsmc18rf...
Initializing rm1.cbe from libInit.il for library tsmc18rf...
Initializing nmos3v_mis.cbe from libInit.il for library tsmc18rf...
Initializing rfpmos3v_mis.cbe from libInit.il for library tsmc18rf...
Initializing rm3.cbe from libInit.il for library tsmc18rf...
Initializing dio_dnwpsub.cbe from libInit.il for library tsmc18rf...
Initializing nmosmvt2v.cbe from libInit.il for library tsmc18rf...
Initializing pmosmvt2v.cbe from libInit.il for library tsmc18rf...
Initializing rnlpoly.cbe from libInit.il for library tsmc18rf...
Initializing nwcon.cbe from libInit.il for library tsmc18rf...
Initializing mos.cbe from libInit.il for library tsmc18rf...
Initializing mimcap_rf_m6.cbe from libInit.il for library tsmc18rf...
Initializing rfpmos3v_nw_mis.cbe from libInit.il for library tsmc18rf...
Initializing rm5.cbe from libInit.il for library tsmc18rf...
Initializing rphpoly.cbe from libInit.il for library tsmc18rf...
Initializing cap.cbe from libInit.il for library tsmc18rf...
Initializing dio_pwdnw.cbe from libInit.il for library tsmc18rf...
Initializing pmos3v_mis.cbe from libInit.il for library tsmc18rf...
Initializing rphpoly_dis.cbe from libInit.il for library tsmc18rf...
Initializing rnplus.cbe from libInit.il for library tsmc18rf...
Initializing rphpoly_rf.cbe from libInit.il for library tsmc18rf...
Initializing rfnmos2v_mis.cbe from libInit.il for library tsmc18rf...
Initializing rnlpoly_dis.cbe from libInit.il for library tsmc18rf...
Initializing rfnmos2v.cbe from libInit.il for library tsmc18rf...
Initializing rnhpoly.cbe from libInit.il for library tsmc18rf...
Initializing pmos2v.cbe from libInit.il for library tsmc18rf...
Initializing rplpoly_rf.cbe from libInit.il for library tsmc18rf...
Initializing nmos2v_mis.cbe from libInit.il for library tsmc18rf...
Initializing rfpmos3v.cbe from libInit.il for library tsmc18rf...
Initializing resnwod.cbe from libInit.il for library tsmc18rf...
Initializing rnwell.cbe from libInit.il for library tsmc18rf...
Initializing rphripoly_dis.cbe from libInit.il for library tsmc18rf...
Initializing nmos2vdnw.cbe from libInit.il for library tsmc18rf...
Initializing nmosnvt3v.cbe from libInit.il for library tsmc18rf...
Initializing cap_mos.cbe from libInit.il for library tsmc18rf...
Initializing mos_var.cbe from libInit.il for library tsmc18rf...
Initializing rfnmos3v_mis.cbe from libInit.il for library tsmc18rf...
Initializing rfpmos2v_nw_mis.cbe from libInit.il for library tsmc18rf...
Initializing ind_sym_ct_m6.cbe from libInit.il for library tsmc18rf...
Initializing rphripoly_rf.cbe from libInit.il for library tsmc18rf...
Initializing rfpmos2v_nw.cbe from libInit.il for library tsmc18rf...
Initializing rm4.cbe from libInit.il for library tsmc18rf...
Initializing ind_std_m6.cbe from libInit.il for library tsmc18rf...
Initializing rphripoly.cbe from libInit.il for library tsmc18rf...
Initializing res.cbe from libInit.il for library tsmc18rf...
Initializing rfpmos3v_nw.cbe from libInit.il for library tsmc18rf...
Initializing metRes.cbe from libInit.il for library tsmc18rf...
Initializing utility.ile from libInit.il for library tsmc18rf...
Initializing metRes.ile from libInit.il for library tsmc18rf...
Initializing resnwod.ile from libInit.il for library tsmc18rf...
Initializing tsAbutFunction.ile from libInit.il for library tsmc18rf...
Initializing tsmc18rf_PDK_V13ctoV13d_migration.ile from libInit.il for library tsmc18rf...
Initializing tsmcChangeLPP.ile from libInit.il for library tsmc18rf...
Initializing tsmcGetParam.ile from libInit.il for library tsmc18rf...
Initializing addWire_018rf.ile from libInit.il for library tsmc18rf...
Initializing tsmc18rf_PDK_V12btoV13d.ile from libInit.il for library tsmc18rf...
function tsmc_moveChild redefined
function tsmc_moveInstance redefined
Initializing Ind_Util_018rf.ile from libInit.il for library tsmc18rf...
Initializing tsmcNetlist.ile from libInit.il for library tsmc18rf...
Initializing tsmcUtilities2.ile from libInit.il for library tsmc18rf...
Initializing ipTag.ile from libInit.il for library tsmc18rf...
Initializing cap_mos.ile from libInit.il for library tsmc18rf...
Initializing tsmcUtilities.ile from libInit.il for library tsmc18rf...
Initializing tsmcCIW.ile from libInit.il for library tsmc18rf...
Initializing tsmcMigration.ile from libInit.il for library tsmc18rf...
Initializing tsmc18rf_updateCDFs.ile from libInit.il for library tsmc18rf...
Initializing mos.ile from libInit.il for library tsmc18rf...
Initializing tsmcPulldown.ile from libInit.il for library tsmc18rf...
Initializing changeName_N90.ile from libInit.il for library tsmc18rf...
Initializing tsmcPdkParamTable.ile from libInit.il for library tsmc18rf...
INFO (TECH-150003): The technology database "tsmc18rf" has been automatically
updated from revision 226610(DM 4) to revision 227612(DM 4) in virtual memory.
INFO (XSTRM-180): You have not used the '-objectMap' option. The design has instance(s) of at least one of following OpenAccess objects: oaBlockage, oaBoundary, oaRow, and oaMarker. Any information about these objects will not be translated into the generated stream file. Use the '-objectMap' option to translate/preserve these objects using XStream.
INFO (XSTRM-223): 1. Translating cellview tsmc18rf/nmos2v/layout as STRUCTURE nmos2v_CDNS_776484252510.
WARNING (XSTRM-315): The cellview 'tsmc18rf/nmos2v/layout' has a label with multiple lines. This label will be translated as is. If a multiple lines label is not required, correct the label in the source file.
INFO (XSTRM-223): 2. Translating cellview tsmc18rf/pmos2v/layout as STRUCTURE pmos2v_CDNS_776484252511.
WARNING (XSTRM-315): The cellview 'tsmc18rf/pmos2v/layout' has a label with multiple lines. This label will be translated as is. If a multiple lines label is not required, correct the label in the source file.
INFO (XSTRM-223): 3. Translating cellview tsmc18rf/pmos2v/layout as STRUCTURE pmos2v_CDNS_776484252512.
WARNING (XSTRM-315): The cellview 'tsmc18rf/pmos2v/layout' has a label with multiple lines. This label will be translated as is. If a multiple lines label is not required, correct the label in the source file.
INFO (XSTRM-223): 4. Translating cellview tsmc18rf/nmos2v/layout as STRUCTURE nmos2v_CDNS_776484252513.
WARNING (XSTRM-315): The cellview 'tsmc18rf/nmos2v/layout' has a label with multiple lines. This label will be translated as is. If a multiple lines label is not required, correct the label in the source file.
INFO (XSTRM-223): 5. Translating cellview ECE571_12_AND3/AND3_2x/layout as STRUCTURE AND3_2x.

Summary of Objects Translated:
	Scalar Instances:                       8
	Array Instances:                        0
	Polygons:                               0
	Paths:                                  0
	Rectangles:                             217
	Lines:                                  0
	Arcs:                                   0
	Donuts:                                 0
	Dots:                                   0
	Ellipses:                               0
	Boundaries:                             0
	Area Blockages:                         0
	Layer Blockages:                        0
	Area Halos:                             0
	Markers:                                0
	Rows:                                   0
	Stitch:                                 0
	Standard Vias                           0
	Custom Vias:                            0
	CdsGen Vias:                            0
	Pathsegs:                               0
	Text:                                   46
	TextDisplay:                            0
	Cells:                                  5

Elapsed Time: 0.7s   User Time: 0.4s   CPU Time: 0.1s   Peak VM: 50188KB
INFO (XSTRM-234): Translation completed. '0' error(s) and '5' warning(s) found.


Pegasus 23.14-s006 W6eUyhvWDSmkstMrnkYP8g 2026-04-17 21:50:53 2628538 linuxa3.engr.colostate.edu
Copyright 2024 Cadence Design Systems, Inc.
All rights reserved worldwide.

INFO:    Command Line Options: --log_dir LOGS -top_cell AND3_2x -ui_data --control /top/students/UNGRAD/ECE/brotel/home/ECE571/TSMC_Cadence/ECE571_12_AND3/AND3_2x/pegasusdrcctl /top/students/UNGRAD/ECE/brotel/home/ECE571/TSMC_Cadence/Pegasus/tsmc18rf.rul
INFO:    Launch host CPU: Model: Intel(R) Xeon(R) CPU E5-2680 v4 @ 2.40GHz, OS: Rocky Linux release 8.10 (Green Obsidian), Logical cores: 56, Physical cores: 28, Cache: 35840 KB, CPU Speed: 3300 MHz
         Launch host Memory: MemTotal: 257812 MB,  MemFree: 226972 MB,  SwapTotal: 32767 MB,  SwapFree: 32767 MB,  VmallocTotal: 33554431 MB,  VmallocUsed: 323 MB
INFO:    Current path: /top/students/UNGRAD/ECE/brotel/home/ECE571/TSMC_Cadence/ECE571_12_AND3/AND3_2x
INFO:    Run directory same as current path
INFO:    Log directory: /top/students/UNGRAD/ECE/brotel/home/ECE571/TSMC_Cadence/ECE571_12_AND3/AND3_2x/LOGS
INFO:    Setting LAYOUT_PRIMARY to: AND3_2x 
INFO:    PVL parsing results:
WARNING: LAYOUT_FORMAT at line 783 in file /top/students/UNGRAD/ECE/brotel/home/ECE571/TSMC_Cadence/Pegasus/tsmc18rf.rul is skipped. It is set in control file.
WARNING: LAYOUT_PATH at line 784 in file /top/students/UNGRAD/ECE/brotel/home/ECE571/TSMC_Cadence/Pegasus/tsmc18rf.rul is skipped. It is set in control file.
WARNING: Cmd-line override: LAYOUT_PRIMARY "AND3_2x";
WARNING: RESULTS_DB -ascii at line 787 in file /top/students/UNGRAD/ECE/brotel/home/ECE571/TSMC_Cadence/Pegasus/tsmc18rf.rul is skipped. It is set in control file.
WARNING: REPORT_SUMMARY statement at line 788 in file /top/students/UNGRAD/ECE/brotel/home/ECE571/TSMC_Cadence/Pegasus/tsmc18rf.rul is ignored.
       summary file has been specified as /top/students/UNGRAD/ECE/brotel/home/ECE571/TSMC_Cadence/ECE571_12_AND3/AND3_2x/AND3_2x.sum
WARNING: MAX_RESULTS -drc at line 790 in file /top/students/UNGRAD/ECE/brotel/home/ECE571/TSMC_Cadence/Pegasus/tsmc18rf.rul is skipped. It is set in control file.

INFO:    See "/top/students/UNGRAD/ECE/brotel/home/ECE571/TSMC_Cadence/ECE571_12_AND3/AND3_2x/LOGS/pvl.log" for additional details.

INFO:    Checking out 1 license(s) of feature: 'Pegasus_DRC' version 23.1
INFO:    License checkout successful ... 2026-04-17 21:50:55

INFO:    Checking out 1 license(s) of feature: 'Pegasus_16nm' version 23.1
INFO:    License checkout successful ... 2026-04-17 21:50:55
INFO:    Worker 0 started on host linuxa3.engr.colostate.edu with 1 cpu(s)
         CPU: Model: Intel(R) Xeon(R) CPU E5-2680 v4 @ 2.40GHz, OS: Rocky Linux release 8.10 (Green Obsidian), Logical cores: 56, Physical cores: 28, Cache: 35840 KB, CPU Speed: 3300 MHz
         Memory: MemTotal: 257812 MB,  MemFree: 226962 MB,  SwapTotal: 32767 MB,  SwapFree: 32767 MB,  VmallocTotal: 33554431 MB,  VmallocUsed: 323 MB

INFO:    Gdsii input summary
         File name: /top/students/UNGRAD/ECE/brotel/home/ECE571/TSMC_Cadence/ECE571_12_AND3/AND3_2x/AND3_2x.gds.gz
         File size: 3289
         Version: 5.0
         Library name: ECE571_12_AND3
         Last modified: 2026-4-17 20:40:25
         Last accessed: 2026-4-17 21:50:52
         Database unit in user units: 0.001
         Database unit in meters: 1e-09
         Magnification: 1 

INFO:    Cell Summary:
         ----------------------------------------------------------------------------
             CELL                        INSTANCE    GEOMETRY      LABELS        HREF        FREF
         ----------------------------------------------------------------------------
         nmos2v_CDNS_776484252510               0          33           0           3           3
         pmos2v_CDNS_776484252511               0          18           0           3           3
         pmos2v_CDNS_776484252512               0          36           0           1           1
         nmos2v_CDNS_776484252513               0          17           0           1           1
         AND3_2x                                8         111           0           1           1
         ----------------------------------------------------------------------------
         TOTAL CELL = 5;  INSTANCE = 8;  GEOMETRY = 215;  LABEL = 0

INFO:    Layer Summary:
         ----------------------------------------------------------------------------
             LAYER                                   ID       HPN      HTC        FPN       FTC
         ----------------------------------------------------------------------------
         NWELii                                       2         5         0         7         0
         DIFFi                                        3        14         0        26         0
         OD2i                                         4         0         0         0         0
         PPi                                          7         3         0         5         0
         NPi                                          8         3         0         5         0
         PDIFFi                                      11         0         0         0         0
         NDIFFi                                      12         0         0         0         0
         POLYi                                       13        28         0        40         0
         COi                                         15       124         0       188         0
         M1i                                         16        38         0        46         0
         VIA1i                                       17         0         0         0         0
         M2i                                         18         0         0         0         0
         CBi                                         19         0         0         0         0
         VTMPi                                       23         0         0         0         0
         VTMNi                                       24         0         0         0         0
         VIA2i                                       27         0         0         0         0
         M3i                                         28         0         0         0         0
         ESDi                                        30         0         0         0         0
         RPOi                                        34         0         0         0         0
         HRIi                                        48         0         0         0         0
         BJTDUMMY                                    49         0         0         0         0
         HOTWL                                       51         0         0         0         0
         RWDMY                                       52         0         0         0         0
         RPDUMMY                                     54         0         0         0         0
         EXCLi                                       55         0         0         0         0
         DIODUMMY                                    56         0         0         0         0
         SDI                                         58         0         0         0         0
         DRCDMY                                      60         0         0         0         0
         DPDMY                                       65         0         0         0         0
         PLDMY                                       66         0         0         0         0
         DNWi                                        82         0         0         0         0
         PLMIDEi                                     89         0         0         0         0
         FLASH                                       94         0         0         0         0
         SEALRING                                   126         0         0         0         0
         NTNi                                       129         0         0         0         0
         RLPPDMY                                    134         0         0         0         0
         ESD1DMY                                    136         0         0         0         0
         ESD2DMY                                    137         0         0         0         0
         VARDMY                                     138         0         0         0         0
         DMP2V                                      149         0         0         0         0
         VIADi                                      167         0         0         0         0
         MDi                                        168         0         0         0         0
         CBDi                                       169         0         0         0         0
         UBMi                                       170         0         0         0         0
         DTi                                        171         0         0         0         0
         LOGO                                       178         0         0         0         0
         WBDMY                                      183         0         0         0         0
         DMN2V                                      184         0         0         0         0
         PPIi                                       189         0         0         0         0
         ESD3DMY                                    234         0         0         0         0
         FWi                                        235         0         0         0         0
         PMDMY                                      236         0         0         0         0
         M1SLOTi                                   3000         0         0         0         0
         M2SLOTi                                   3001         0         0         0         0
         M3SLOTi                                   3002         0         0         0         0
         MDSLOTi                                   3007         0         0         0         0
         M1DMY                                     3008         0         0         0         0
         M2DMY                                     3009         0         0         0         0
         M3DMY                                     3010         0         0         0         0
         MDDMY                                     3015         0         0         0         0
         CTM2i                                     3016         0         0         0         0
         CTM3i                                     3017         0         0         0         0
         CTM4i                                     3018         0         0         0         0
         CTM5i                                     3019         0         0         0         0
         MSIi                                      3041         0         0         0         0
         SICR_V1i                                  3042         0         0         0         0
         CMM2i                                     3046         0         0         0         0
         LWI                                       3053         0         0         0         0
         INDDMY                                    3054         0         0         0         0
         LMARK                                     3068         0         0         0         0
         DOD                                       3070         0         0         0         0
         ODBLK                                     3071         0         0         0         0
         DPO                                       3073         0         0         0         0
         LUPWDMY                                   3081         0         0         0         0
         VDDDMY                                    3084         0         0         0         0
         VSSDMY                                    3085         0         0         0         0
         RFDUMMY                                   3086         0         0         0         0
         MOMDMY_1                                  3180         0         0         0         0
         MOMDMY_2                                  3181         0         0         0         0
         MOMDMY_3                                  3182         0         0         0         0
         M0i                                       3320         0         0         0         0
         HIADMY                                    3337         0         0         0         0
         ESDIMPi                                   3338         0         0         0         0
         LUPWDMY_2                                 3339         0         0         0         0
         RES200                                    3341         0         0         0         0
         MATCHING                                  3342         0         0         0         0
         SBDDMY                                    3343         0         0         0         0
         ANALOGDMY                                 3429         0         0         0         0
         ----------------------------------------------------------------------------

INFO:    CHIP EXTENT: -400 -200 16500 14800

WARNING: Offgrid Vertex on layer DIFFi at location (0.100,13.302) in cell AND3_2x.
WARNING: Offgrid Vertex on layer DIFFi at location (15.800,13.302) in cell AND3_2x.

INFO:    Ports ...
         ========================================================================

INFO:    Texts For Connectivity ...
         ========================================================================

INFO:    Texts For SELECT -LABEL ...
         ========================================================================

INFO:    Texts For EXPAND_TEXT_ORIGIN ...
         ========================================================================

INFO:    Texts For DFM_TEXT ...
         ========================================================================

INFO:    Layer Summary(Texts For Connectivity):
         ----------------------------------------------------------------------------
             LAYER                                   ID       TEXTS
         ----------------------------------------------------------------------------
         ----------------------------------------------------------------------------

INFO:    Layer Summary(Texts For SELECT -LABEL):
         ----------------------------------------------------------------------------
             LAYER                                   ID       TEXTS
         ----------------------------------------------------------------------------
         ----------------------------------------------------------------------------

INFO:    Layer Summary(Texts For EXPAND_TEXT_ORIGIN):
         ----------------------------------------------------------------------------
             LAYER                                   ID       TEXTS
         ----------------------------------------------------------------------------
         ----------------------------------------------------------------------------

INFO:    Layer Summary(Texts For DFM_TEXT):
         ----------------------------------------------------------------------------
             LAYER                                   ID       TEXTS
         ----------------------------------------------------------------------------
         ----------------------------------------------------------------------------

INFO:    Expanded Cell Summary
INFO:    Rule ESD.WARN.3 completed with no violations, 1/404
INFO:    Rule CTM.R.5 completed with no violations, 2/404
INFO:    Rule HRI.WARN completed with no violations, 3/404
INFO:    Rule NW.W.1 completed with no violations, 4/404
INFO:    Rule NW.W.2 completed with no violations, 5/404
INFO:    Rule NW.S.2 completed with no violations, 6/404
INFO:    Rule NW.R.3 completed with no violations, 7/404
INFO:    Rule NWR.E.1 completed with no violations, 8/404
INFO:    Rule NWR.E.2 completed with no violations, 9/404
INFO:    Rule NWR.C.1 completed with no violations, 10/404
INFO:    Rule NWR.C.2 completed with no violations, 11/404
INFO:    Rule NWR.C.3 completed with no violations, 12/404
INFO:    Rule NWR.O.1 completed with no violations, 13/404
INFO:    Rule NWR.R.1 completed with no violations, 14/404
INFO:    Rule NWR.R.3 completed with no violations, 15/404
INFO:    Rule NWR.R.4 completed with no violations, 16/404
INFO:    Rule NWR.R.5 completed with no violations, 17/404
INFO:    Rule NWR.R.6 completed with no violations, 18/404
INFO:    Rule NWR.E.3 completed with no violations, 19/404
INFO:    Rule NT_N.I.1 completed with no violations, 20/404
INFO:    Rule NT_N.I.2 completed with no violations, 21/404
INFO:    Rule NT_N.I.3 completed with no violations, 22/404
INFO:    Rule NT_N.I.4 completed with no violations, 23/404
INFO:    Rule NT_N.W.1 completed with no violations, 24/404
INFO:    Rule NT_N.W.2_LV completed with no violations, 25/404
INFO:    Rule NT_N.W.2_3.3V completed with no violations, 26/404
INFO:    Rule NT_N.S.1 completed with no violations, 27/404
INFO:    Rule NT_N.E.1 completed with no violations, 28/404
INFO:    Rule NT_N.C.1 completed with no violations, 29/404
INFO:    Rule NT_N.C.2 completed with no violations, 30/404
INFO:    Rule NT_N.PO.1 completed with no violations, 31/404
INFO:    Rule OD.W.1_OD.W.2 completed with no violations, 32/404
INFO:    Rule OD.S.1 completed with no violations, 33/404
INFO:    Rule OD.C.1 completed with no violations, 34/404
INFO:    Rule OD.C.2_OD.C.3 completed with no violations, 35/404
INFO:    Rule OD.C.4 completed with no violations, 36/404
INFO:    Rule OD.C.5 completed with no violations, 37/404
INFO:    Rule OD.C.8 completed with no violations, 38/404
INFO:    Rule OD.E.1 completed with no violations, 39/404
INFO:    Rule OD.W.3 completed with no violations, 40/404
INFO:    Rule OD.A.1 completed with no violations, 41/404
INFO:    Rule OD.R.5 completed with no violations, 42/404
INFO:    Rule OD2.W.1 completed with no violations, 43/404
INFO:    Rule OD2.E.1 completed with no violations, 44/404
INFO:    Rule OD2.S.1 completed with no violations, 45/404
INFO:    Rule OD2.C.1 completed with no violations, 46/404
INFO:    Rule OD2.C.2 completed with no violations, 47/404
INFO:    Rule OD2.E.2 completed with no violations, 48/404
INFO:    Rule PO.W.3 completed with no violations, 49/404
INFO:    Rule PO.W.1_3.3V completed with no violations, 50/404
INFO:    Rule PO.W.2_3.3V completed with no violations, 51/404
INFO:    Rule PO.S.1 completed with no violations, 52/404
INFO:    Rule PO.S.2_PO.S.3 completed with no violations, 53/404
INFO:    Rule PO.C.1 completed with no violations, 54/404
INFO:    Rule PO.C.2 completed with no violations, 55/404
INFO:    Rule PO.O.1 completed with no violations, 56/404
INFO:    Rule PO.R.1B completed with no violations, 57/404
INFO:    Rule PO.R.2 completed with no violations, 58/404
INFO:    Rule RES.9 completed with no violations, 59/404
INFO:    Rule RES.10 completed with no violations, 60/404
INFO:    Rule RES.11 completed with no violations, 61/404
INFO:    Rule RES.13 completed with no violations, 62/404
INFO:    Rule RES.15 completed with no violations, 63/404
INFO:    Rule RES.HRI.10 completed with no violations, 64/404
INFO:    Rule RES.HRI.11 completed with no violations, 65/404
INFO:    Rule PP.W.1 completed with no violations, 66/404
INFO:    Rule PP.S.1 completed with no violations, 67/404
INFO:    Rule PP.C.1 completed with no violations, 68/404
INFO:    Rule PP.C.2 completed with no violations, 69/404
WARNING: -para only is set since -project with constraint only supported with -para only.
INFO:    Rule PP.C.3 completed with no violations, 70/404
INFO:    Rule PP.C.5 completed with no violations, 71/404
INFO:    Rule PP.O.1 completed with no violations, 72/404
INFO:    Rule PP.E.1 completed with no violations, 73/404
INFO:    Rule PP.E.1_NP.E.1 completed with no violations, 74/404
INFO:    Rule PP.E.3 completed with no violations, 75/404
INFO:    Rule PP.E.4 completed with no violations, 76/404
INFO:    Rule PP.A.1 completed with no violations, 77/404
INFO:    Rule PP.R.1_NP.R.1 completed with no violations, 78/404
INFO:    Rule PP.R.3_NP.R.3 completed with no violations, 79/404
INFO:    Rule NP.W.1 completed with no violations, 80/404
INFO:    Rule NP.S.1 completed with no violations, 81/404
INFO:    Rule NP.C.1 completed with no violations, 82/404
INFO:    Rule NP.C.2 completed with no violations, 83/404
INFO:    Rule NP.C.3 completed with no violations, 84/404
INFO:    Rule NP.C.5 completed with no violations, 85/404
INFO:    Rule NP.O.1 completed with no violations, 86/404
INFO:    Rule NP.E.1 completed with no violations, 87/404
INFO:    Rule NP.E.3 completed with no violations, 88/404
WARNING: -para only is set since -project with constraint only supported with -para only.
INFO:    Rule NP.E.4 completed with no violations, 89/404
INFO:    Rule NP.A.1 completed with no violations, 90/404
INFO:    Rule NP.E.6 completed with no violations, 91/404
INFO:    Rule RPO.W.1 completed with no violations, 92/404
INFO:    Rule RPO.S.1 completed with no violations, 93/404
INFO:    Rule RPO.C.1 completed with no violations, 94/404
INFO:    Rule RPO.C.2 completed with no violations, 95/404
INFO:    Rule RPO.C.3 completed with no violations, 96/404
INFO:    Rule RPO.C.4 completed with no violations, 97/404
INFO:    Rule RPO.E.1 completed with no violations, 98/404
INFO:    Rule RPO.C.5 completed with no violations, 99/404
INFO:    Rule RPO.C.6 completed with no violations, 100/404
INFO:    Rule RPO.A.1 completed with no violations, 101/404
INFO:    Rule RPO.A.2 completed with no violations, 102/404
INFO:    Rule CO.W.1 completed with no violations, 103/404
INFO:    Rule CO.S.1 completed with no violations, 104/404
INFO:    Rule CO.S.2 completed with no violations, 105/404
INFO:    Rule CO.C.1_CO.R.1 completed with no violations, 106/404
INFO:    Rule CO.C.2 completed with no violations, 107/404
INFO:    Rule CO.E.1 completed with no violations, 108/404
INFO:    Rule CO.E.2 completed with no violations, 109/404
INFO:    Rule CO.E.3 completed with no violations, 110/404
INFO:    Rule CO.E.4 completed with no violations, 111/404
INFO:    Rule CO.R.4 completed with no violations, 112/404
INFO:    Rule M1.W.1 completed with no violations, 113/404
INFO:    Rule M1.S.1 completed with no violations, 114/404
INFO:    Rule M1.E.1 completed with no violations, 115/404
INFO:    Rule M1.E.2 completed with no violations, 116/404
INFO:    Rule M1.A.1 completed with no violations, 117/404
INFO:    Rule VIA1.W.1 completed with no violations, 118/404
INFO:    Rule VIA1.S.1 completed with no violations, 119/404
INFO:    Rule VIA1.E.1 completed with no violations, 120/404
INFO:    Rule VIA1.E.2 completed with no violations, 121/404
INFO:    Rule M2.W.1 completed with no violations, 122/404
INFO:    Rule M2.S.1 completed with no violations, 123/404
INFO:    Rule M2.E.1 completed with no violations, 124/404
INFO:    Rule M2.E.2 completed with no violations, 125/404
INFO:    Rule M2.A.1 completed with no violations, 126/404
INFO:    Rule M1_2_3.S.5 completed with no violations, 127/404
INFO:    Rule M1_2.S.6 completed with no violations, 128/404
INFO:    Rule M2_3.S.6 completed with no violations, 129/404
INFO:    Rule VIA2.W.1 completed with no violations, 130/404
INFO:    Rule VIA2.S.1 completed with no violations, 131/404
INFO:    Rule VIA2.E.1 completed with no violations, 132/404
INFO:    Rule VIA2.E.2 completed with no violations, 133/404
INFO:    Rule VIAD.W.1 completed with no violations, 134/404
INFO:    Rule VIAD.S.1 completed with no violations, 135/404
INFO:    Rule VIAD.E.1 completed with no violations, 136/404
INFO:    Rule VIAD.E.2 completed with no violations, 137/404
INFO:    Rule M3.W.1 completed with no violations, 138/404
INFO:    Rule M3.S.1 completed with no violations, 139/404
INFO:    Rule M3.E.1 completed with no violations, 140/404
INFO:    Rule M3.A.1 completed with no violations, 141/404
INFO:    Rule MD.W.1 completed with no violations, 142/404
INFO:    Rule MD.S.1 completed with no violations, 143/404
INFO:    Rule MD.E.1 completed with no violations, 144/404
INFO:    Rule MD.A.1 completed with no violations, 145/404
INFO:    Rule PO.R.3 completed with 1 violations, 146/404
INFO:    Rule M1.R.1 completed with 1 violations, 147/404
INFO:    Rule M2.R.1 completed with 1 violations, 148/404
INFO:    Rule M3.R.1 completed with 1 violations, 149/404
INFO:    Rule MD.R.1 completed with no violations, 150/404
INFO:    Rule ADP.R.0A completed with no violations, 151/404
INFO:    Rule ADP.R.0B completed with no violations, 152/404
INFO:    Rule ADP.R.0C completed with no violations, 153/404
INFO:    Rule ADP.S.1_VIA1 completed with no violations, 154/404
INFO:    Rule ADP.S.1_VIA2 completed with no violations, 155/404
INFO:    Rule ADP.S.1_VIAD completed with no violations, 156/404
INFO:    Rule ADP.C.2_V1_V2 completed with no violations, 157/404
INFO:    Rule ADP.C.2_V2_VD completed with no violations, 158/404
INFO:    Rule ADP.E.1_V1_M1 completed with no violations, 159/404
INFO:    Rule ADP.E.1_V1_M2 completed with no violations, 160/404
INFO:    Rule ADP.E.1_V2_M2 completed with no violations, 161/404
INFO:    Rule ADP.E.1_V2_M3 completed with no violations, 162/404
INFO:    Rule ADP.E.1_VD_M3 completed with no violations, 163/404
INFO:    Rule ADP.E.1_VD_MD completed with no violations, 164/404
INFO:    Rule ADP.S.2g completed with no violations, 165/404
INFO:    Rule ADP.W.3g completed with no violations, 166/404
INFO:    Rule ADP.W.4g completed with no violations, 167/404
INFO:    Rule ADP.R.0D completed with no violations, 168/404
INFO:    Rule ADP.S.1_PL_V1 completed with no violations, 169/404
INFO:    Rule ADP.S.1_PL_V2 completed with no violations, 170/404
INFO:    Rule ADP.S.1_PL_VD completed with no violations, 171/404
INFO:    Rule ADP.C.2_PL_V1_V2 completed with no violations, 172/404
INFO:    Rule ADP.C.2_PL_V2_VD completed with no violations, 173/404
INFO:    Rule ADP.E.2_V1_M1 completed with no violations, 174/404
INFO:    Rule ADP.E.2_V1_M2 completed with no violations, 175/404
INFO:    Rule ADP.E.2_V2_M2 completed with no violations, 176/404
INFO:    Rule ADP.E.2_V2_M3 completed with no violations, 177/404
INFO:    Rule ADP.E.2_VD_M3 completed with no violations, 178/404
INFO:    Rule ADP.E.2_VD_MD completed with no violations, 179/404
INFO:    Rule AMS.1.M1 completed with no violations, 180/404
INFO:    Rule AMS.1.M2 completed with no violations, 181/404
INFO:    Rule AMS.1.M3 completed with no violations, 182/404
INFO:    Rule AMS.1.MD completed with no violations, 183/404
INFO:    Rule ESD.7g completed with no violations, 184/404
INFO:    Rule ESD.6g completed with no violations, 185/404
INFO:    Rule ESD.8g completed with no violations, 186/404
INFO:    Rule ESD.18g_1.8V completed with no violations, 187/404
INFO:    Rule ESD.18g_3.3V_N completed with no violations, 188/404
INFO:    Rule ESD.18g_3.3V_P completed with no violations, 189/404
INFO:    Rule ESD.19g completed with no violations, 190/404
INFO:    Rule ESD.20g completed with no violations, 191/404
INFO:    Rule ESD.20g_A completed with no violations, 192/404
INFO:    Rule ESD.21g completed with no violations, 193/404
INFO:    Rule ESD.24g completed with no violations, 194/404
INFO:    Rule ESD.25g completed with no violations, 195/404
INFO:    Rule ESD.26g completed with no violations, 196/404
INFO:    Rule ESD.27g completed with no violations, 197/404
INFO:    Rule ESD.28g completed with no violations, 198/404
INFO:    Rule ESD.30g completed with no violations, 199/404
INFO:    Rule ESD.32g completed with no violations, 200/404
INFO:    Rule ESD.34g completed with no violations, 201/404
INFO:    Rule ESD.37g completed with no violations, 202/404
INFO:    Rule ESD.WARN.1 completed with no violations, 203/404
INFO:    Rule ESD.WARN.5 completed with no violations, 204/404
INFO:    Rule HIA.1g completed with no violations, 205/404
INFO:    Rule HIA.2g completed with no violations, 206/404
INFO:    Rule HIA.4g completed with no violations, 207/404
INFO:    Rule HIA.9g completed with no violations, 208/404
INFO:    Rule HIA.18g completed with no violations, 209/404
INFO:    Rule ESDIMP.W.1 completed with no violations, 210/404
INFO:    Rule ESDIMP.S.1 completed with no violations, 211/404
INFO:    Rule ESDIMP.S.2 completed with no violations, 212/404
INFO:    Rule ESDIMP.EN.1 completed with no violations, 213/404
INFO:    Rule ESDIMP.A.1 completed with no violations, 214/404
INFO:    Rule ESDIMP.A.2 completed with no violations, 215/404
INFO:    Rule ESDIMP.R.1 completed with no violations, 216/404
INFO:    Rule LUP.6g completed with no violations, 217/404
INFO:    Rule LOGO.S.1 completed with no violations, 218/404
INFO:    Rule LOGO.O.1 completed with no violations, 219/404
INFO:    Rule LOGO.R.1 completed with no violations, 220/404
INFO:    Rule PO.W.1_HRI completed with no violations, 221/404
INFO:    Rule _PO.R.1A.MM completed with no violations, 222/404
INFO:    Rule _PP.E.6.MM completed with no violations, 223/404
INFO:    Rule RPO.O.1_HRI completed with no violations, 224/404
INFO:    Rule DNW.W.1 completed with no violations, 225/404
INFO:    Rule DNW.S.1 completed with no violations, 226/404
INFO:    Rule DNW.C.4 completed with no violations, 227/404
INFO:    Rule DNW.E.2 completed with no violations, 228/404
INFO:    Rule DNW.R.4 completed with no violations, 229/404
INFO:    Rule DNW.R.5 completed with no violations, 230/404
INFO:    Rule VTM_N.W.1 completed with no violations, 231/404
INFO:    Rule VTM_N.W.2 completed with no violations, 232/404
INFO:    Rule VTM_N.W.3 completed with no violations, 233/404
INFO:    Rule VTM_N.S.1 completed with no violations, 234/404
INFO:    Rule VTM_N.E.1 completed with no violations, 235/404
INFO:    Rule VTM_N.C.1 completed with no violations, 236/404
INFO:    Rule VTM_N.C.2 completed with no violations, 237/404
INFO:    Rule VTM_N.R.2 completed with no violations, 238/404
INFO:    Rule VTM_N.R.3 completed with no violations, 239/404
INFO:    Rule VTM_N.R.4 completed with no violations, 240/404
INFO:    Rule VTM_N.R.5 completed with no violations, 241/404
INFO:    Rule VTM_P.W.1 completed with no violations, 242/404
INFO:    Rule VTM_P.W.2 completed with no violations, 243/404
INFO:    Rule VTM_P.S.1 completed with no violations, 244/404
INFO:    Rule VTM_P.E.1 completed with no violations, 245/404
INFO:    Rule VTM_P.C.1 completed with no violations, 246/404
INFO:    Rule VTM_P.C.2 completed with no violations, 247/404
INFO:    Rule VTM_P.R.2 completed with no violations, 248/404
INFO:    Rule VTM_P.R.3 completed with no violations, 249/404
INFO:    Rule VTM_P.R.4 completed with no violations, 250/404
INFO:    Rule VTM_P.R.5 completed with no violations, 251/404
INFO:    Rule VTM_P.R.6 completed with no violations, 252/404
INFO:    Rule HRI.W.1 completed with no violations, 253/404
INFO:    Rule HRI.S.1 completed with no violations, 254/404
INFO:    Rule HRI.C.1 completed with no violations, 255/404
INFO:    Rule HRI.C.2 completed with no violations, 256/404
INFO:    Rule HRI.C.3_C.4 completed with no violations, 257/404
INFO:    Rule HRI.E.1 completed with no violations, 258/404
INFO:    Rule HRI.R.1 completed with no violations, 259/404
INFO:    Rule HRI.R.2 completed with no violations, 260/404
INFO:    Rule HRI.A.1 completed with no violations, 261/404
INFO:    Rule CTM.W.1 completed with no violations, 262/404
INFO:    Rule CTM.W.2 completed with no violations, 263/404
INFO:    Rule CTM.S.1 completed with no violations, 264/404
INFO:    Rule CTM.S.2 completed with no violations, 265/404
INFO:    Rule CTM.R.2 completed with no violations, 266/404
INFO:    Rule CTM.W.4 completed with no violations, 267/404
INFO:    Rule CTM.A.1 completed with no violations, 268/404
INFO:    Rule MIM_M2.W.1 completed with no violations, 269/404
INFO:    Rule MIM_M2.S.1 completed with no violations, 270/404
INFO:    Rule MIM_M2.S.2 completed with no violations, 271/404
INFO:    Rule MIM_M2.E.3 completed with no violations, 272/404
INFO:    Rule MIMVIA.E.1 completed with no violations, 273/404
INFO:    Rule MIMVIA.E.2 completed with no violations, 274/404
INFO:    Rule MIMVIA.C.1 completed with no violations, 275/404
INFO:    Rule MIMVIA.R.3 completed with no violations, 276/404
INFO:    Rule SBD.W.1_SBD.W.1.1 completed with no violations, 277/404
INFO:    Rule SBD.W.2_SBD.W.2.1 completed with no violations, 278/404
INFO:    Rule SBD.W.3 completed with no violations, 279/404
INFO:    Rule SBD.W.4 completed with no violations, 280/404
INFO:    Rule SBD.S.1 completed with no violations, 281/404
INFO:    Rule SBD.E.1 completed with no violations, 282/404
INFO:    Rule SBD.E.2 completed with no violations, 283/404
INFO:    Rule SBD.O.1 completed with no violations, 284/404
INFO:    Rule SBD.E.1.1 completed with no violations, 285/404
INFO:    Rule SBD.E.3 completed with no violations, 286/404
INFO:    Rule SBD.R.2 completed with no violations, 287/404
INFO:    Rule SBD.R.3 completed with no violations, 288/404
INFO:    Rule SBD.R.4 completed with no violations, 289/404
INFO:    Rule SBD.R.5 completed with no violations, 290/404
INFO:    Rule DOD.W.1 completed with no violations, 291/404
INFO:    Rule DOD.S.1 completed with no violations, 292/404
INFO:    Rule DOD.C.1 completed with no violations, 293/404
INFO:    Rule DOD.C.2 completed with no violations, 294/404
INFO:    Rule DOD.C.4 completed with no violations, 295/404
INFO:    Rule DOD.C.5 completed with no violations, 296/404
INFO:    Rule DOD.C.6 completed with no violations, 297/404
INFO:    Rule DOD.C.7 completed with no violations, 298/404
INFO:    Rule DOD.C.8 completed with no violations, 299/404
INFO:    Rule DOD.C.9 completed with no violations, 300/404
INFO:    Rule DOD.C.13 completed with no violations, 301/404
INFO:    Rule DOD.C.14 completed with no violations, 302/404
INFO:    Rule DOD.C.15 completed with no violations, 303/404
INFO:    Rule DOD.E.1 completed with no violations, 304/404
INFO:    Rule OD.R.1 completed with no violations, 305/404
INFO:    Rule OD.R.2 completed with no violations, 306/404
INFO:    Rule DOD.R.3 completed with no violations, 307/404
INFO:    Rule DPO.W.1 completed with no violations, 308/404
INFO:    Rule DPO.S.1 completed with no violations, 309/404
INFO:    Rule DPO.C.1 completed with no violations, 310/404
INFO:    Rule DPO.C.2 completed with no violations, 311/404
INFO:    Rule DPO.C.4 completed with no violations, 312/404
INFO:    Rule DPO.C.5 completed with no violations, 313/404
INFO:    Rule DPO.C.6 completed with no violations, 314/404
INFO:    Rule DPO.C.7 completed with no violations, 315/404
INFO:    Rule DPO.C.9 completed with no violations, 316/404
INFO:    Rule DPO.C.12 completed with no violations, 317/404
INFO:    Rule DPO.C.13 completed with no violations, 318/404
INFO:    Rule DPO.C.14 completed with no violations, 319/404
INFO:    Rule DPO.A.1 completed with no violations, 320/404
INFO:    Rule DPO.R.3 completed with no violations, 321/404
INFO:    Rule AN.R.40m_M1 completed with no violations, 322/404
INFO:    Rule 3DMIM.A.2 completed with no violations, 323/404
INFO:    Rule 3DMIM.DN.1 completed with no violations, 324/404
INFO:    Rule 3DMIM.EX.1 completed with no violations, 325/404
INFO:    Rule 3DMIM.EX.2 completed with no violations, 326/404
INFO:    Rule 3DMIM.EX.3 completed with no violations, 327/404
INFO:    Rule 3DMIM.EX.4 completed with no violations, 328/404
INFO:    Rule 3DMIM.S.1 completed with no violations, 329/404
INFO:    Rule 3DMIM.S.2 completed with no violations, 330/404
INFO:    Rule 3DMIM.S.3 completed with no violations, 331/404
INFO:    Rule 3DMIM.S.4 completed with no violations, 332/404
INFO:    Rule 3DMIM.S.5 completed with no violations, 333/404
INFO:    Rule 3DMIM.S.7 completed with no violations, 334/404
INFO:    Rule 3DMIM.W.1 completed with no violations, 335/404
INFO:    Rule 3DMIM.W.3 completed with no violations, 336/404
INFO:    Rule 3DMIM.W.4 completed with no violations, 337/404
INFO:    Rule 3DMIM.W.5 completed with no violations, 338/404
INFO:    Rule 3DMIM.W.6 completed with no violations, 339/404
INFO:    Rule 3DMIM.S.8 completed with no violations, 340/404
INFO:    Rule 3DMIM.S.9 completed with no violations, 341/404
INFO:    Rule 3DMIM.EX.5 completed with no violations, 342/404
INFO:    Rule ANALOGDMY.A.1 completed with no violations, 343/404
INFO:    Rule ANALOGDMY.EX.1 completed with no violations, 344/404
INFO:    Rule ANALOGDMY.EX.2 completed with no violations, 345/404
INFO:    Rule ANALOGDMY.R.1 completed with no violations, 346/404
INFO:    Rule ANALOGDMY.S.1 completed with no violations, 347/404
INFO:    Rule ANALOGDMY.S.2 completed with no violations, 348/404
INFO:    Rule ANALOGDMY.S.3 completed with no violations, 349/404
INFO:    Rule ANALOGDMY.S.4 completed with no violations, 350/404
INFO:    Rule ANALOGDMY.W.1 completed with no violations, 351/404
INFO:    Rule MOM.A.1 completed with no violations, 352/404
INFO:    Rule MOM.S.2:M1 completed with no violations, 353/404
INFO:    Rule MOM.S.2:M2 completed with no violations, 354/404
INFO:    Rule MOM.R.1 completed with no violations, 355/404
INFO:    Rule DRM.R.1 completed with 1 violations, 356/404
INFO:    Rule VIA1.S.4:Array1_2_3_M completed with no violations, 357/404
INFO:    Rule VIA1.S.5:Array1_2_M completed with no violations, 358/404
INFO:    Rule VIA2.S.5:Array2_3_M completed with no violations, 359/404
INFO:    Rule AMS.DN.M1 completed with no violations, 360/404
INFO:    Rule AMS.DN.M2 completed with no violations, 361/404
INFO:    Rule AMS.DN.M3 completed with no violations, 362/404
INFO:    Rule AMS.DN.MD completed with no violations, 363/404
INFO:    Rule ESD.9g completed with no violations, 364/404
INFO:    Rule CTM.R.6 completed with no violations, 365/404
INFO:    Rule MIMVIA.S.2 completed with no violations, 366/404
INFO:    Rule MIMVIA.S.1 completed with no violations, 367/404
INFO:    Rule MIMVIA.R.1 completed with no violations, 368/404
INFO:    Rule NW.S.1 completed with no violations, 369/404
INFO:    Rule M1.S.2 completed with no violations, 370/404
INFO:    Rule M1.S.2.1.a completed with no violations, 371/404
INFO:    Rule M1.S.2.1.b completed with no violations, 372/404
INFO:    Rule M2.S.2 completed with no violations, 373/404
INFO:    Rule M2.S.2.1.a completed with no violations, 374/404
INFO:    Rule M2.S.2.1.b completed with no violations, 375/404
INFO:    Rule M3.S.2 completed with no violations, 376/404
INFO:    Rule M3.S.2.1.a completed with no violations, 377/404
INFO:    Rule M3.S.2.1.b completed with no violations, 378/404
INFO:    Rule MD.S.2 completed with no violations, 379/404
INFO:    Rule MD.S.2.1.a completed with no violations, 380/404
INFO:    Rule MD.S.2.1.b completed with no violations, 381/404
INFO:    Rule ESD.1g completed with no violations, 382/404
INFO:    Rule ESD.10g completed with no violations, 383/404
INFO:    Rule ESD.3g completed with no violations, 384/404
INFO:    Rule ESD.5g completed with no violations, 385/404
INFO:    Rule ESD.5.1g completed with no violations, 386/404
INFO:    Rule ESD.35g completed with no violations, 387/404
INFO:    Rule ESD.40g completed with no violations, 388/404
INFO:    Rule HIA.3g completed with no violations, 389/404
INFO:    Rule HIA.17g completed with no violations, 390/404
INFO:    Rule LUP.1g completed with no violations, 391/404
INFO:    Rule LUP.2g completed with no violations, 392/404
INFO:    Rule LUP.3.1g_1.8V completed with no violations, 393/404
INFO:    Rule LUP.3.3g_3.3V completed with no violations, 394/404
         Remaining rules: LUP.4g  LUP.5.1g_1.8V  LUP.5.3g_3.3V  LUP.10g__LUP.13g  LUP.14g  DNW.O.1  DNW.C.1  FPAD.R.1  3DMIM.R.10  3DMIM.S.10 
INFO:    Rule LUP.4g completed with no violations, 395/404
         Remaining rules: LUP.5.1g_1.8V  LUP.5.3g_3.3V  LUP.10g__LUP.13g  LUP.14g  DNW.O.1  DNW.C.1  FPAD.R.1  3DMIM.R.10  3DMIM.S.10 
INFO:    Rule LUP.5.1g_1.8V completed with no violations, 396/404
         Remaining rules: LUP.5.3g_3.3V  LUP.10g__LUP.13g  LUP.14g  DNW.O.1  DNW.C.1  FPAD.R.1  3DMIM.R.10  3DMIM.S.10 
INFO:    Rule LUP.5.3g_3.3V completed with no violations, 397/404
         Remaining rules: LUP.10g__LUP.13g  LUP.14g  DNW.O.1  DNW.C.1  FPAD.R.1  3DMIM.R.10  3DMIM.S.10 
INFO:    Rule LUP.10g__LUP.13g completed with no violations, 398/404
         Remaining rules: LUP.14g  DNW.O.1  DNW.C.1  FPAD.R.1  3DMIM.R.10  3DMIM.S.10 
INFO:    Rule LUP.14g completed with no violations, 399/404
         Remaining rules: DNW.O.1  DNW.C.1  FPAD.R.1  3DMIM.R.10  3DMIM.S.10 
INFO:    Rule DNW.O.1 completed with no violations, 400/404
         Remaining rules: DNW.C.1  FPAD.R.1  3DMIM.R.10  3DMIM.S.10 
INFO:    Rule DNW.C.1 completed with no violations, 401/404
         Remaining rules: FPAD.R.1  3DMIM.R.10  3DMIM.S.10 
INFO:    Rule FPAD.R.1 completed with no violations, 402/404
         Remaining rules: 3DMIM.R.10  3DMIM.S.10 
INFO:    Rule 3DMIM.R.10 completed with no violations, 403/404
         Remaining rules: 3DMIM.S.10 
INFO:    Rule 3DMIM.S.10 completed with no violations, 404/404
INFO:    Status: Runset 100% complete as of 2026-04-17 21:50:57   Elapsed: 00:00:02
         Worker: Active CPUs  Total Mem(MB)  Active Mem(MB)  CPU time(s)
              0:    1 /   1             25              12            1
INFO:	 Status: Finishing as of 2026-04-17 21:50:57   Elapsed: 00:00:02   CPU time[s]: 2
INFO:    Resource usage by worker at exit:
                  CPU      Elapsed  CPUs       CPU       Peak        Peak engine
         Worker:  time[s]  time[s]  Allocated  usage[%]  Memory[MB]  Memory[MB]
              0:        1        2          1     71.69          25           12
         Worker resource usage  summary: Total CPU[s]: 1  Run duration[s]: 2  Max peak memory[MB]: 25
         Worker CPU utilization summary: 1 of 2 available CPU seconds (50.00%) with 1 average available CPU(s)
INFO:    Generating summary in /top/students/UNGRAD/ECE/brotel/home/ECE571/TSMC_Cadence/ECE571_12_AND3/AND3_2x/AND3_2x.sum
INFO:    All selected rules completed
         Total CPU Time                    : 2(s)
         Total Real Time                   : 2(s)
         Total Original Geometry           : 215(317)
         Total DRC RuleChecks              : 404
         Total DRC Results                 : 5 (5)
         ASCII report database is /top/students/UNGRAD/ECE/brotel/home/ECE571/TSMC_Cadence/ECE571_12_AND3/AND3_2x/AND3_2x.drc_errors.ascii
INFO:    Checking in all SoftShare licenses.

Pegasus finished normally. 2026-04-17 21:50:57


