Virtuoso Framework License (111) was checked out successfully. Total checkout time was 0.03s.

Running simulation in directory: "/top/students/UNGRAD/ECE/scrowl/home/ECE571/TSMC_Cadence/ECE571_11_OR3/OR3_4x/lvs/".

*WARNING* LIB ECE571_10_OR3 from File /top/students/UNGRAD/ECE/scrowl/home/ECE571/TSMC_Cadence/cds.lib Line 14 redefines
LIB ECE571_10_OR3 from the same file (defined earlier.)
*WARNING* LIB ECE571_11_OR3 from File /top/students/UNGRAD/ECE/scrowl/home/ECE571/TSMC_Cadence/cds.lib Line 15 redefines
LIB ECE571_11_OR3 from the same file (defined earlier.)
*WARNING* The directory: '/top/students/UNGRAD/ECE/scrowl/home/ECE571/TSMC_Cadence/$ASSURAHOME/tools.lnx86/assura/etc/avtech/avTech' does not exist
	but was defined in libFile '/top/students/UNGRAD/ECE/scrowl/home/ECE571/TSMC_Cadence/cds.lib' for Lib 'avTech'.
*WARNING* LIB ECE571_10_OR3 from File /top/students/UNGRAD/ECE/scrowl/home/ECE571/TSMC_Cadence/cds.lib Line 14 redefines
LIB ECE571_10_OR3 from the same file (defined earlier.)
*WARNING* LIB ECE571_11_OR3 from File /top/students/UNGRAD/ECE/scrowl/home/ECE571/TSMC_Cadence/cds.lib Line 15 redefines
LIB ECE571_11_OR3 from the same file (defined earlier.)
*WARNING* The directory: '/top/students/UNGRAD/ECE/scrowl/home/ECE571/TSMC_Cadence/$ASSURAHOME/tools.lnx86/assura/etc/avtech/avTech' does not exist
	but was defined in libFile '/top/students/UNGRAD/ECE/scrowl/home/ECE571/TSMC_Cadence/cds.lib' for Lib 'avTech'.
Loading hnlInit.cxt 
Running Artist Hierarchical Netlisting ...
Initializing diodesd.cbe from libInit.il for library tsmc18rf...
Initializing rfnmos3v.cbe from libInit.il for library tsmc18rf...
Initializing mimcap_m6.cbe from libInit.il for library tsmc18rf...
Initializing rmt_m4.cbe from libInit.il for library tsmc18rf...
Initializing mos_var33.cbe from libInit.il for library tsmc18rf...
Initializing mos_var_b.cbe from libInit.il for library tsmc18rf...
Initializing pmos2v_mis.cbe from libInit.il for library tsmc18rf...
Initializing rplplus.cbe from libInit.il for library tsmc18rf...
Initializing ind_sym_m6.cbe from libInit.il for library tsmc18rf...
Initializing rm2.cbe from libInit.il for library tsmc18rf...
Initializing rnlplus.cbe from libInit.il for library tsmc18rf...
Initializing nmos3v.cbe from libInit.il for library tsmc18rf...
Initializing rnhpoly_dis.cbe from libInit.il for library tsmc18rf...
Initializing rfpmos2v_mis.cbe from libInit.il for library tsmc18rf...
Initializing mos_var_b3.cbe from libInit.il for library tsmc18rf...
Initializing rplpoly.cbe from libInit.il for library tsmc18rf...
Initializing vpnp3.cbe from libInit.il for library tsmc18rf...
Initializing rmt_m5.cbe from libInit.il for library tsmc18rf...
Initializing nmos3vdnw.cbe from libInit.il for library tsmc18rf...
Initializing pwcon.cbe from libInit.il for library tsmc18rf...
Initializing psubcon.cbe from libInit.il for library tsmc18rf...
Initializing rnwod.cbe from libInit.il for library tsmc18rf...
Initializing npn.cbe from libInit.il for library tsmc18rf...
Initializing pmos3v.cbe from libInit.il for library tsmc18rf...
Initializing vpnp.cbe from libInit.il for library tsmc18rf...
Initializing rmt_m6.cbe from libInit.il for library tsmc18rf...
Initializing diode.cbe from libInit.il for library tsmc18rf...
Initializing jvar.cbe from libInit.il for library tsmc18rf...
Initializing rpplus.cbe from libInit.il for library tsmc18rf...
Initializing dnwcon.cbe from libInit.il for library tsmc18rf...
Initializing nmos2v.cbe from libInit.il for library tsmc18rf...
Initializing rplpoly_dis.cbe from libInit.il for library tsmc18rf...
Initializing rfpmos2v.cbe from libInit.il for library tsmc18rf...
Initializing nmosmvt3v.cbe from libInit.il for library tsmc18rf...
Initializing nmosnvt2v.cbe from libInit.il for library tsmc18rf...
Initializing rm1.cbe from libInit.il for library tsmc18rf...
Initializing nmos3v_mis.cbe from libInit.il for library tsmc18rf...
Initializing rfpmos3v_mis.cbe from libInit.il for library tsmc18rf...
Initializing rm3.cbe from libInit.il for library tsmc18rf...
Initializing dio_dnwpsub.cbe from libInit.il for library tsmc18rf...
Initializing nmosmvt2v.cbe from libInit.il for library tsmc18rf...
Initializing pmosmvt2v.cbe from libInit.il for library tsmc18rf...
Initializing rnlpoly.cbe from libInit.il for library tsmc18rf...
Initializing nwcon.cbe from libInit.il for library tsmc18rf...
Initializing mos.cbe from libInit.il for library tsmc18rf...
Initializing mimcap_rf_m6.cbe from libInit.il for library tsmc18rf...
Initializing rfpmos3v_nw_mis.cbe from libInit.il for library tsmc18rf...
Initializing rm5.cbe from libInit.il for library tsmc18rf...
Initializing rphpoly.cbe from libInit.il for library tsmc18rf...
Initializing cap.cbe from libInit.il for library tsmc18rf...
Initializing dio_pwdnw.cbe from libInit.il for library tsmc18rf...
Initializing pmos3v_mis.cbe from libInit.il for library tsmc18rf...
Initializing rphpoly_dis.cbe from libInit.il for library tsmc18rf...
Initializing rnplus.cbe from libInit.il for library tsmc18rf...
Initializing rphpoly_rf.cbe from libInit.il for library tsmc18rf...
Initializing rfnmos2v_mis.cbe from libInit.il for library tsmc18rf...
Initializing rnlpoly_dis.cbe from libInit.il for library tsmc18rf...
Initializing rfnmos2v.cbe from libInit.il for library tsmc18rf...
Initializing rnhpoly.cbe from libInit.il for library tsmc18rf...
Initializing pmos2v.cbe from libInit.il for library tsmc18rf...
Initializing rplpoly_rf.cbe from libInit.il for library tsmc18rf...
Initializing nmos2v_mis.cbe from libInit.il for library tsmc18rf...
Initializing rfpmos3v.cbe from libInit.il for library tsmc18rf...
Initializing resnwod.cbe from libInit.il for library tsmc18rf...
Initializing rnwell.cbe from libInit.il for library tsmc18rf...
Initializing rphripoly_dis.cbe from libInit.il for library tsmc18rf...
Initializing nmos2vdnw.cbe from libInit.il for library tsmc18rf...
Initializing nmosnvt3v.cbe from libInit.il for library tsmc18rf...
Initializing cap_mos.cbe from libInit.il for library tsmc18rf...
Initializing mos_var.cbe from libInit.il for library tsmc18rf...
Initializing rfnmos3v_mis.cbe from libInit.il for library tsmc18rf...
Initializing rfpmos2v_nw_mis.cbe from libInit.il for library tsmc18rf...
Initializing ind_sym_ct_m6.cbe from libInit.il for library tsmc18rf...
Initializing rphripoly_rf.cbe from libInit.il for library tsmc18rf...
Initializing rfpmos2v_nw.cbe from libInit.il for library tsmc18rf...
Initializing rm4.cbe from libInit.il for library tsmc18rf...
Initializing ind_std_m6.cbe from libInit.il for library tsmc18rf...
Initializing rphripoly.cbe from libInit.il for library tsmc18rf...
Initializing res.cbe from libInit.il for library tsmc18rf...
Initializing rfpmos3v_nw.cbe from libInit.il for library tsmc18rf...
Initializing metRes.cbe from libInit.il for library tsmc18rf...
Initializing utility.ile from libInit.il for library tsmc18rf...
Initializing metRes.ile from libInit.il for library tsmc18rf...
Initializing resnwod.ile from libInit.il for library tsmc18rf...
Initializing tsAbutFunction.ile from libInit.il for library tsmc18rf...
Initializing tsmc18rf_PDK_V13ctoV13d_migration.ile from libInit.il for library tsmc18rf...
Initializing tsmcChangeLPP.ile from libInit.il for library tsmc18rf...
Initializing tsmcGetParam.ile from libInit.il for library tsmc18rf...
Initializing addWire_018rf.ile from libInit.il for library tsmc18rf...
Initializing tsmc18rf_PDK_V12btoV13d.ile from libInit.il for library tsmc18rf...
function tsmc_moveChild redefined
function tsmc_moveInstance redefined
Initializing Ind_Util_018rf.ile from libInit.il for library tsmc18rf...
Initializing tsmcNetlist.ile from libInit.il for library tsmc18rf...
Initializing tsmcUtilities2.ile from libInit.il for library tsmc18rf...
Initializing ipTag.ile from libInit.il for library tsmc18rf...
Initializing cap_mos.ile from libInit.il for library tsmc18rf...
Initializing tsmcUtilities.ile from libInit.il for library tsmc18rf...
Initializing tsmcCIW.ile from libInit.il for library tsmc18rf...
Initializing tsmcMigration.ile from libInit.il for library tsmc18rf...
Initializing tsmc18rf_updateCDFs.ile from libInit.il for library tsmc18rf...
Initializing mos.ile from libInit.il for library tsmc18rf...
Initializing tsmcPulldown.ile from libInit.il for library tsmc18rf...
Initializing changeName_N90.ile from libInit.il for library tsmc18rf...
Initializing tsmcPdkParamTable.ile from libInit.il for library tsmc18rf...
INFO (TECH-150003): The technology database "tsmc18rf" has been automatically
updated from revision 226610(DM 4) to revision 227612(DM 4) in virtual memory.
WARNING (AUCDL-42): Terminal OUT appearing in CDF termOrder for 
		component   : OR3_4x
		in cellview : schematic
		of library  : ECE571_11_OR3
is either invalid or duplicated. CDF termOrder for this component will be ignored.
Ensure that termOrder matches actual terminals in cellview and re-netlist to reflect any change in termOrder.
Nets will be printed in default terminal order for this component.

End netlisting Apr 10 15:20:12 2026

Running simin

Running runSim()...


Running runsim with simulator: "auCdl"
Begin simulation:    Apr 10 15:20:12 2026

auCdl netlisting completed
End simulation:      Apr 10 15:20:12 2026
INFO (AUCDL-21): (Analog) CDL netlisting completed successfully.